[2016-09-05 09:25:27.907] [TRACE] socket_server - Response: EnterTable
[2016-09-05 09:25:28.358] [TRACE] socket_server - Receive socket from 测试用户3 in table 1
[2016-09-05 09:25:28.522] [TRACE] socket_server - Receive command from 测试用户3
[2016-09-05 09:25:28.522] [INFO] socket_server - { type: 0 }
[2016-09-05 09:25:28.546] [TRACE] socket_server - Response: Connect
[2016-09-05 09:25:30.874] [TRACE] socket_server - Response: EnterTable
[2016-09-05 09:25:31.066] [TRACE] socket_server - Receive socket from 测试用户4 in table 1
[2016-09-05 09:25:31.122] [TRACE] socket_server - Receive command from 测试用户4
[2016-09-05 09:25:31.122] [INFO] socket_server - { type: 0 }
[2016-09-05 09:25:31.123] [TRACE] socket_server - Response: Connect
[2016-09-05 09:25:44.029] [TRACE] socket_server - Response: Disconnect
[2016-09-05 09:25:44.152] [TRACE] socket_server - Receive socket from 测试用户4 in table 1
[2016-09-05 09:25:44.201] [TRACE] socket_server - Receive command from 测试用户4
[2016-09-05 09:25:44.202] [INFO] socket_server - { type: 0 }
[2016-09-05 09:25:44.202] [TRACE] socket_server - Response: Connect
[2016-09-05 09:25:49.860] [TRACE] socket_server - Receive command from 测试用户4
[2016-09-05 09:25:49.860] [INFO] socket_server - { type: 2 }
[2016-09-05 09:25:49.862] [TRACE] socket_server - Response: LeaveTable
[2016-09-05 09:26:28.094] [TRACE] socket_server - Response: LeaveTable
[2016-09-05 09:32:07.490] [TRACE] socket_server - Response: EnterTable
[2016-09-05 09:32:08.013] [TRACE] socket_server - Receive socket from 测试用户3 in table 1
[2016-09-05 09:32:08.085] [TRACE] socket_server - Receive command from 测试用户3
[2016-09-05 09:32:08.085] [INFO] socket_server - { type: 0 }
[2016-09-05 09:32:08.106] [TRACE] socket_server - Response: Connect
[2016-09-05 09:32:35.227] [TRACE] socket_server - Response: EnterTable
[2016-09-05 09:32:35.643] [TRACE] socket_server - Receive socket from 测试用户3 in table 1
[2016-09-05 09:32:35.731] [TRACE] socket_server - Receive command from 测试用户3
[2016-09-05 09:32:35.731] [INFO] socket_server - { type: 0 }
[2016-09-05 09:32:35.748] [TRACE] socket_server - Response: Connect
[2016-09-05 09:33:35.447] [TRACE] socket_server - Response: LeaveTable
[2016-09-05 09:43:32.982] [TRACE] socket_server - Response: EnterTable
[2016-09-05 09:43:33.324] [TRACE] socket_server - Receive socket from 测试用户 in table 1
[2016-09-05 09:43:33.407] [TRACE] socket_server - Receive command from 测试用户
[2016-09-05 09:43:33.407] [INFO] socket_server - { type: 0 }
[2016-09-05 09:43:33.434] [TRACE] socket_server - Response: Connect
[2016-09-05 09:43:34.335] [TRACE] socket_server - Receive command from 测试用户
[2016-09-05 09:43:34.335] [INFO] socket_server - { type: 3 }
[2016-09-05 09:43:34.337] [TRACE] socket_server - Response: Prepare
[2016-09-05 09:43:42.453] [TRACE] socket_server - Response: EnterTable
[2016-09-05 09:43:43.006] [TRACE] socket_server - Receive socket from 测试用户3 in table 1
[2016-09-05 09:43:43.090] [TRACE] socket_server - Receive command from 测试用户3
[2016-09-05 09:43:43.090] [INFO] socket_server - { type: 0 }
[2016-09-05 09:43:43.091] [TRACE] socket_server - Response: Connect
[2016-09-05 09:43:45.378] [TRACE] socket_server - Receive command from 测试用户3
[2016-09-05 09:43:45.378] [INFO] socket_server - { type: 3 }
[2016-09-05 09:43:45.379] [TRACE] socket_server - Response: Prepare
[2016-09-05 09:43:48.173] [TRACE] socket_server - Response: EnterTable
[2016-09-05 09:43:48.403] [TRACE] socket_server - Receive socket from 测试用户4 in table 1
[2016-09-05 09:43:48.483] [TRACE] socket_server - Receive command from 测试用户4
[2016-09-05 09:43:48.483] [INFO] socket_server - { type: 0 }
[2016-09-05 09:43:48.484] [TRACE] socket_server - Response: Connect
[2016-09-05 09:43:57.947] [TRACE] socket_server - Receive command from 测试用户4
[2016-09-05 09:43:57.947] [INFO] socket_server - { type: 3 }
[2016-09-05 09:43:57.948] [TRACE] socket_server - Response: Prepare
[2016-09-05 09:44:17.950] [TRACE] socket_server - Response: EnterTable
[2016-09-05 09:44:18.163] [TRACE] socket_server - Receive socket from 测试用户2 in table 1
[2016-09-05 09:44:18.276] [TRACE] socket_server - Receive command from 测试用户2
[2016-09-05 09:44:18.276] [INFO] socket_server - { type: 0 }
[2016-09-05 09:44:18.280] [TRACE] socket_server - Response: Connect
[2016-09-05 09:44:19.300] [TRACE] socket_server - Receive command from 测试用户2
[2016-09-05 09:44:19.300] [INFO] socket_server - { type: 3 }
[2016-09-05 09:44:19.302] [TRACE] socket_server - Response: Prepare
[2016-09-05 09:44:34.356] [TRACE] socket_server - Response: EnterTable
[2016-09-05 09:44:34.579] [TRACE] socket_server - Receive socket from 测试用户5 in table 1
[2016-09-05 09:44:34.666] [TRACE] socket_server - Receive command from 测试用户5
[2016-09-05 09:44:34.666] [INFO] socket_server - { type: 0 }
[2016-09-05 09:44:34.671] [TRACE] socket_server - Response: Connect
[2016-09-05 09:44:35.910] [TRACE] socket_server - Receive command from 测试用户5
[2016-09-05 09:44:35.910] [INFO] socket_server - { type: 3 }
[2016-09-05 09:44:35.933] [TRACE] socket_server - Response: Prepare
[2016-09-05 09:45:04.356] [TRACE] socket_server - Receive command from 测试用户
[2016-09-05 09:45:04.356] [INFO] socket_server - { type: 5,
  content: { actionType: 1, actionContent: { amount: '5' } } }
[2016-09-05 09:45:04.362] [TRACE] socket_server - Response: InGame
[2016-09-05 09:45:04.362] [INFO] socket_server - { amount: '5', sid: 0, actionType: 1 }
[2016-09-05 09:45:11.671] [TRACE] socket_server - Receive command from 测试用户3
[2016-09-05 09:45:11.671] [INFO] socket_server - { type: 5,
  content: { actionType: 1, actionContent: { amount: '3' } } }
[2016-09-05 09:45:11.684] [TRACE] socket_server - Response: InGame
[2016-09-05 09:45:11.684] [INFO] socket_server - { amount: '3', sid: 1, actionType: 1 }
[2016-09-05 09:45:16.226] [TRACE] socket_server - Response: Disconnect
[2016-09-05 09:45:16.389] [TRACE] socket_server - Receive socket from 测试用户4 in table 1
[2016-09-05 09:45:16.501] [TRACE] socket_server - Receive command from 测试用户4
[2016-09-05 09:45:16.501] [INFO] socket_server - { type: 0 }
[2016-09-05 09:45:16.503] [TRACE] socket_server - Response: Connect
[2016-09-05 09:45:19.004] [TRACE] socket_server - Receive command from 测试用户4
[2016-09-05 09:45:19.005] [INFO] socket_server - { type: 5,
  content: { actionType: 1, actionContent: { amount: '0' } } }
[2016-09-05 09:45:19.006] [TRACE] socket_server - Response: InGame
[2016-09-05 09:45:19.007] [INFO] socket_server - { amount: '0', sid: 2, actionType: 1 }
[2016-09-05 09:46:19.291] [TRACE] socket_server - Response: InGame
[2016-09-05 09:46:19.292] [INFO] socket_server - { amount: 4, sid: 3, actionType: 1 }
[2016-09-05 09:47:19.582] [TRACE] socket_server - Response: InGame
[2016-09-05 09:47:19.583] [INFO] socket_server - { amount: 5,
  sid: 4,
  actionType: 1,
  updated: 
   { currentTurn: 
      { status: 2,
        startSid: 0,
        remainedSid: [Object],
        done: [],
        maxSid: null },
     cards: [ [Object], [Object], [Object], [Object], [Object] ],
     masterSid: 0 } }
[2016-09-05 09:48:19.895] [TRACE] socket_server - Response: InGame
[2016-09-05 09:48:19.896] [INFO] socket_server - { color: '♥',
  sid: 0,
  actionType: 2,
  updated: 
   { currentTurn: 
      { status: 3,
        startSid: 0,
        remainedSid: [Object],
        done: [],
        maxSid: null } } }
[2016-09-05 09:49:20.158] [TRACE] socket_server - Response: InGame
[2016-09-05 09:49:20.159] [INFO] socket_server - { sid: 0,
  actionType: 3,
  updated: 
   { currentTurn: 
      { status: 4,
        startSid: 0,
        remainedSid: [Object],
        done: [],
        maxSid: null } } }
[2016-09-05 09:50:20.420] [TRACE] socket_server - Response: InGame
[2016-09-05 09:50:20.420] [INFO] socket_server - { color: '♣',
  sid: 0,
  actionType: 4,
  updated: 
   { currentTurn: 
      { status: 5,
        startSid: 0,
        remainedSid: [Object],
        done: [],
        maxSid: null } } }
[2016-09-05 09:51:20.683] [TRACE] socket_server - Response: InGame
[2016-09-05 09:51:20.683] [INFO] socket_server - { cards: [ Card { number: 5, color: '♥', type: 7 } ],
  sid: 0,
  actionType: 5 }
[2016-09-05 09:52:20.946] [TRACE] socket_server - Response: InGame
[2016-09-05 09:52:20.946] [INFO] socket_server - { cards: [ Card { number: 2, color: '♥', type: 3 } ],
  sid: 1,
  actionType: 5 }
[2016-09-05 09:53:21.396] [TRACE] socket_server - Response: InGame
[2016-09-05 09:53:21.397] [INFO] socket_server - { cards: [ Card { number: 3, color: '♥', type: 5 } ],
  sid: 2,
  actionType: 5 }
[2016-09-05 09:54:21.836] [TRACE] socket_server - Response: InGame
[2016-09-05 09:54:21.836] [INFO] socket_server - { cards: [ Card { number: 1, color: 'J', type: 6 } ],
  sid: 3,
  actionType: 5 }
[2016-09-05 09:55:22.609] [TRACE] socket_server - Response: InGame
[2016-09-05 09:55:22.609] [INFO] socket_server - { cards: [ Card { number: 5, color: '♥', type: 7 } ],
  sid: 4,
  actionType: 5,
  updated: 
   { currentTurn: 
      { status: 5,
        startSid: 0,
        remainedSid: [Object],
        done: [],
        maxSid: null },
     points: [ 10, 0, 0, 0, 0 ],
     caught5Heart: [ [Object], [], [], [], [] ] } }
[2016-09-05 09:56:23.005] [TRACE] socket_server - Response: InGame
[2016-09-05 09:56:23.005] [INFO] socket_server - { cards: [ Card { number: 5, color: '♥', type: 7 } ],
  sid: 0,
  actionType: 5 }
[2016-09-05 09:57:23.367] [TRACE] socket_server - Response: InGame
[2016-09-05 09:57:23.368] [INFO] socket_server - { cards: [ Card { number: 2, color: '♠', type: 2 } ],
  sid: 1,
  actionType: 5 }
[2016-09-05 09:58:23.757] [TRACE] socket_server - Response: InGame
[2016-09-05 09:58:23.757] [INFO] socket_server - { cards: [ Card { number: 3, color: '♦', type: 4 } ],
  sid: 2,
  actionType: 5 }
[2016-09-05 09:59:24.158] [TRACE] socket_server - Response: InGame
[2016-09-05 09:59:24.159] [INFO] socket_server - { cards: [ Card { number: 3, color: '♥', type: 5 } ],
  sid: 3,
  actionType: 5 }
[2016-09-05 10:00:24.503] [TRACE] socket_server - Response: InGame
[2016-09-05 10:00:24.503] [INFO] socket_server - { cards: [ Card { number: 1, color: 'J', type: 6 } ],
  sid: 4,
  actionType: 5,
  updated: 
   { currentTurn: 
      { status: 5,
        startSid: 0,
        remainedSid: [Object],
        done: [],
        maxSid: null },
     points: [ 15, 0, 0, 0, 0 ],
     caught5Heart: [ [Object], [], [], [], [] ] } }
[2016-09-05 10:01:13.191] [ERROR] socket_server - 找不到您的代理!
[2016-09-05 10:01:13.208] [ERROR] socket_server - 找不到您的代理!
[2016-09-05 10:01:13.227] [ERROR] socket_server - 找不到您的代理!
[2016-09-05 10:01:13.272] [ERROR] socket_server - 找不到您的代理!
[2016-09-05 10:01:13.408] [ERROR] socket_server - 找不到您的代理!
[2016-09-05 10:01:17.607] [TRACE] socket_server - Response: EnterTable
[2016-09-05 10:01:18.016] [TRACE] socket_server - Receive socket from 测试用户3 in table 1
[2016-09-05 10:01:18.143] [TRACE] socket_server - Receive command from 测试用户3
[2016-09-05 10:01:18.143] [INFO] socket_server - { type: 0 }
[2016-09-05 10:01:18.163] [TRACE] socket_server - Response: Connect
[2016-09-05 10:01:19.210] [TRACE] socket_server - Receive command from 测试用户3
[2016-09-05 10:01:19.210] [INFO] socket_server - { type: 3 }
[2016-09-05 10:01:19.212] [TRACE] socket_server - Response: Prepare
[2016-09-05 10:01:20.491] [TRACE] socket_server - Receive command from 测试用户3
[2016-09-05 10:01:20.491] [INFO] socket_server - { type: 4 }
[2016-09-05 10:01:20.492] [TRACE] socket_server - Response: UnPrepare
[2016-09-05 10:01:22.337] [TRACE] socket_server - Receive command from 测试用户3
[2016-09-05 10:01:22.337] [INFO] socket_server - { type: 3 }
[2016-09-05 10:01:22.338] [TRACE] socket_server - Response: Prepare
[2016-09-05 10:01:38.813] [TRACE] socket_server - Response: EnterTable
[2016-09-05 10:01:38.994] [TRACE] socket_server - Receive socket from 测试用户4 in table 1
[2016-09-05 10:01:39.079] [TRACE] socket_server - Receive command from 测试用户4
[2016-09-05 10:01:39.080] [INFO] socket_server - { type: 0 }
[2016-09-05 10:01:39.081] [TRACE] socket_server - Response: Connect
[2016-09-05 10:01:41.493] [TRACE] socket_server - Receive command from 测试用户4
[2016-09-05 10:01:41.493] [INFO] socket_server - { type: 2 }
[2016-09-05 10:01:41.496] [TRACE] socket_server - Response: LeaveTable
[2016-09-05 10:05:01.268] [ERROR] socket_server - 找不到您的代理!
[2016-09-05 10:05:08.108] [TRACE] socket_server - Response: EnterTable
[2016-09-05 10:05:08.304] [TRACE] socket_server - Receive socket from 测试用户4 in table 1
[2016-09-05 10:05:08.414] [TRACE] socket_server - Receive command from 测试用户4
[2016-09-05 10:05:08.414] [INFO] socket_server - { type: 0 }
[2016-09-05 10:05:08.436] [TRACE] socket_server - Response: Connect
[2016-09-05 10:05:12.984] [TRACE] socket_server - Response: EnterTable
[2016-09-05 10:05:13.143] [TRACE] socket_server - Receive socket from 测试用户5 in table 1
[2016-09-05 10:05:13.204] [TRACE] socket_server - Receive command from 测试用户5
[2016-09-05 10:05:13.205] [INFO] socket_server - { type: 0 }
[2016-09-05 10:05:13.206] [TRACE] socket_server - Response: Connect
[2016-09-05 10:05:14.382] [TRACE] socket_server - Receive command from 测试用户5
[2016-09-05 10:05:14.382] [INFO] socket_server - { type: 3 }
[2016-09-05 10:05:14.384] [TRACE] socket_server - Response: Prepare
[2016-09-05 10:05:17.361] [TRACE] socket_server - Response: EnterTable
[2016-09-05 10:05:17.486] [TRACE] socket_server - Receive socket from 测试用户 in table 1
[2016-09-05 10:05:17.542] [TRACE] socket_server - Receive command from 测试用户
[2016-09-05 10:05:17.543] [INFO] socket_server - { type: 0 }
[2016-09-05 10:05:17.549] [TRACE] socket_server - Response: Connect
[2016-09-05 10:05:18.531] [TRACE] socket_server - Receive command from 测试用户
[2016-09-05 10:05:18.532] [INFO] socket_server - { type: 3 }
[2016-09-05 10:05:18.533] [TRACE] socket_server - Response: Prepare
[2016-09-05 10:05:21.796] [TRACE] socket_server - Response: EnterTable
[2016-09-05 10:05:21.906] [TRACE] socket_server - Receive socket from 测试用户2 in table 1
[2016-09-05 10:05:21.962] [TRACE] socket_server - Receive command from 测试用户2
[2016-09-05 10:05:21.962] [INFO] socket_server - { type: 0 }
[2016-09-05 10:05:21.965] [TRACE] socket_server - Response: Connect
[2016-09-05 10:05:22.684] [TRACE] socket_server - Receive command from 测试用户2
[2016-09-05 10:05:22.684] [INFO] socket_server - { type: 3 }
[2016-09-05 10:05:22.686] [TRACE] socket_server - Response: Prepare
[2016-09-05 10:05:26.093] [TRACE] socket_server - Response: EnterTable
[2016-09-05 10:05:26.722] [TRACE] socket_server - Receive socket from 测试用户3 in table 1
[2016-09-05 10:05:26.842] [TRACE] socket_server - Receive command from 测试用户3
[2016-09-05 10:05:26.843] [INFO] socket_server - { type: 0 }
[2016-09-05 10:05:26.845] [TRACE] socket_server - Response: Connect
[2016-09-05 10:05:31.450] [TRACE] socket_server - Receive command from 测试用户3
[2016-09-05 10:05:31.450] [INFO] socket_server - { type: 3 }
[2016-09-05 10:05:31.455] [TRACE] socket_server - Response: Prepare
[2016-09-05 10:05:36.153] [TRACE] socket_server - Response: LeaveTable
[2016-09-05 10:05:39.525] [TRACE] socket_server - Response: EnterTable
[2016-09-05 10:05:39.782] [TRACE] socket_server - Receive socket from 测试用户4 in table 1
[2016-09-05 10:05:39.883] [TRACE] socket_server - Receive command from 测试用户4
[2016-09-05 10:05:39.883] [INFO] socket_server - { type: 0 }
[2016-09-05 10:05:39.886] [TRACE] socket_server - Response: Connect
[2016-09-05 10:05:40.642] [TRACE] socket_server - Receive command from 测试用户4
[2016-09-05 10:05:40.642] [INFO] socket_server - { type: 3 }
[2016-09-05 10:05:40.680] [TRACE] socket_server - Response: Prepare
[2016-09-05 10:05:47.795] [TRACE] socket_server - Receive command from 测试用户4
[2016-09-05 10:05:47.795] [INFO] socket_server - { type: 5,
  content: { actionType: 1, actionContent: { amount: '0' } } }
[2016-09-05 10:05:47.804] [TRACE] socket_server - Response: InGame
[2016-09-05 10:05:47.804] [INFO] socket_server - { amount: '0', sid: 0, actionType: 1 }
[2016-09-05 10:05:52.233] [TRACE] socket_server - Receive command from 测试用户5
[2016-09-05 10:05:52.234] [INFO] socket_server - { type: 5,
  content: { actionType: 1, actionContent: { amount: '1' } } }
[2016-09-05 10:05:52.238] [TRACE] socket_server - Response: InGame
[2016-09-05 10:05:52.239] [INFO] socket_server - { amount: '1', sid: 1, actionType: 1 }
[2016-09-05 10:05:55.402] [TRACE] socket_server - Receive command from 测试用户
[2016-09-05 10:05:55.402] [INFO] socket_server - { type: 5,
  content: { actionType: 1, actionContent: { amount: '3' } } }
[2016-09-05 10:05:55.406] [TRACE] socket_server - Response: InGame
[2016-09-05 10:05:55.406] [INFO] socket_server - { amount: '3', sid: 2, actionType: 1 }
[2016-09-05 10:06:00.018] [TRACE] socket_server - Receive command from 测试用户2
[2016-09-05 10:06:00.018] [INFO] socket_server - { type: 5,
  content: { actionType: 1, actionContent: { amount: '6' } } }
[2016-09-05 10:06:00.020] [TRACE] socket_server - Response: InGame
[2016-09-05 10:06:00.021] [INFO] socket_server - { amount: '6', sid: 3, actionType: 1 }
[2016-09-05 10:06:03.442] [TRACE] socket_server - Receive command from 测试用户3
[2016-09-05 10:06:03.442] [INFO] socket_server - { type: 5,
  content: { actionType: 1, actionContent: { amount: '5' } } }
[2016-09-05 10:06:03.444] [TRACE] socket_server - Response: InGame
[2016-09-05 10:06:03.444] [INFO] socket_server - { amount: '5',
  sid: 4,
  actionType: 1,
  updated: 
   { currentTurn: 
      { status: 2,
        startSid: 3,
        remainedSid: [Object],
        done: [],
        maxSid: null },
     cards: [ [Object], [Object], [Object], [Object], [Object], [Object] ],
     masterSid: 3 } }
[2016-09-05 10:06:07.793] [TRACE] socket_server - Receive command from 测试用户2
[2016-09-05 10:06:07.794] [INFO] socket_server - { type: 5,
  content: { actionType: 2, actionContent: { color: '♦' } } }
[2016-09-05 10:06:07.797] [TRACE] socket_server - Response: InGame
[2016-09-05 10:06:07.797] [INFO] socket_server - { color: '♦',
  sid: 3,
  actionType: 2,
  updated: 
   { currentTurn: 
      { status: 3,
        startSid: 3,
        remainedSid: [Object],
        done: [],
        maxSid: null } } }
[2016-09-05 10:06:16.447] [TRACE] socket_server - Receive command from 测试用户2
[2016-09-05 10:06:16.447] [INFO] socket_server - { type: 5,
  content: { actionType: 3, actionContent: { cards: [Object] } } }
[2016-09-05 10:06:16.450] [TRACE] socket_server - Response: InGame
[2016-09-05 10:06:16.454] [INFO] socket_server - { sid: 3,
  actionType: 3,
  updated: 
   { currentTurn: 
      { status: 4,
        startSid: 3,
        remainedSid: [Object],
        done: [],
        maxSid: null } } }
[2016-09-05 10:06:19.183] [TRACE] socket_server - Receive command from 测试用户2
[2016-09-05 10:06:19.184] [INFO] socket_server - { type: 5,
  content: { actionType: 4, actionContent: { color: '♣' } } }
[2016-09-05 10:06:19.185] [TRACE] socket_server - Response: InGame
[2016-09-05 10:06:19.186] [INFO] socket_server - { color: '♣',
  sid: 3,
  actionType: 4,
  updated: 
   { currentTurn: 
      { status: 5,
        startSid: 3,
        remainedSid: [Object],
        done: [],
        maxSid: null } } }
[2016-09-05 10:07:19.465] [TRACE] socket_server - Response: InGame
[2016-09-05 10:07:19.465] [INFO] socket_server - { cards: [ Card { number: 5, color: '♥', type: 7 } ],
  sid: 3,
  actionType: 5 }
[2016-09-05 10:08:19.704] [TRACE] socket_server - Response: InGame
[2016-09-05 10:08:19.704] [INFO] socket_server - { cards: [ Card { number: 1, color: 'J', type: 6 } ],
  sid: 4,
  actionType: 5 }
[2016-09-05 10:09:19.924] [TRACE] socket_server - Response: InGame
[2016-09-05 10:09:19.924] [INFO] socket_server - { cards: [ Card { number: 2, color: '♦', type: 3 } ],
  sid: 0,
  actionType: 5 }
[2016-09-05 10:09:32.176] [ERROR] socket_server - 找不到您的代理!
[2016-09-05 10:09:32.191] [ERROR] socket_server - 找不到您的代理!
[2016-09-05 10:09:32.205] [ERROR] socket_server - 找不到您的代理!
[2016-09-05 10:09:32.211] [ERROR] socket_server - 找不到您的代理!
[2016-09-05 10:09:35.827] [TRACE] socket_server - Response: EnterTable
[2016-09-05 10:09:35.896] [TRACE] socket_server - Receive socket from 测试用户5 in table 1
[2016-09-05 10:09:35.941] [TRACE] socket_server - Receive command from 测试用户5
[2016-09-05 10:09:35.941] [INFO] socket_server - { type: 0 }
[2016-09-05 10:09:35.958] [TRACE] socket_server - Response: Connect
[2016-09-05 10:09:49.143] [TRACE] socket_server - Response: EnterTable
[2016-09-05 10:09:49.565] [TRACE] socket_server - Receive socket from 测试用户3 in table 1
[2016-09-05 10:09:49.664] [TRACE] socket_server - Receive command from 测试用户3
[2016-09-05 10:09:49.664] [INFO] socket_server - { type: 0 }
[2016-09-05 10:09:49.665] [TRACE] socket_server - Response: Connect
[2016-09-05 10:09:56.588] [TRACE] socket_server - Receive command from 测试用户3
[2016-09-05 10:09:56.588] [INFO] socket_server - { type: 3 }
[2016-09-05 10:09:56.591] [TRACE] socket_server - Response: Prepare
[2016-09-05 10:10:13.307] [ERROR] socket_server - 发送得太频繁了啦
[2016-09-05 10:10:36.030] [TRACE] socket_server - Response: LeaveTable
[2016-09-05 10:10:51.393] [TRACE] socket_server - Response: EnterTable
[2016-09-05 10:10:51.491] [TRACE] socket_server - Receive socket from 测试用户5 in table 1
[2016-09-05 10:10:51.622] [TRACE] socket_server - Receive command from 测试用户5
[2016-09-05 10:10:51.622] [INFO] socket_server - { type: 0 }
[2016-09-05 10:10:51.642] [TRACE] socket_server - Response: Connect
[2016-09-05 10:11:26.281] [ERROR] socket_server - 找不到您的代理!
[2016-09-05 10:11:28.293] [TRACE] socket_server - Response: EnterTable
[2016-09-05 10:11:28.367] [TRACE] socket_server - Receive socket from 测试用户5 in table 1
[2016-09-05 10:11:28.417] [TRACE] socket_server - Receive command from 测试用户5
[2016-09-05 10:11:28.417] [INFO] socket_server - { type: 0 }
[2016-09-05 10:11:28.432] [TRACE] socket_server - Response: Connect
[2016-09-05 10:12:28.546] [TRACE] socket_server - Response: LeaveTable
[2016-09-05 10:15:01.820] [TRACE] socket_server - Response: EnterTable
[2016-09-05 10:15:01.942] [TRACE] socket_server - Receive socket from 测试用户5 in table 1
[2016-09-05 10:15:01.988] [TRACE] socket_server - Receive command from 测试用户5
[2016-09-05 10:15:01.988] [INFO] socket_server - { type: 0 }
[2016-09-05 10:15:02.010] [TRACE] socket_server - Response: Connect
[2016-09-05 10:16:02.047] [TRACE] socket_server - Response: LeaveTable
[2016-09-05 10:16:21.249] [TRACE] socket_server - Response: EnterTable
[2016-09-05 10:16:21.359] [TRACE] socket_server - Receive socket from 测试用户5 in table 1
[2016-09-05 10:16:21.489] [TRACE] socket_server - Receive command from 测试用户5
[2016-09-05 10:16:21.489] [INFO] socket_server - { type: 0 }
[2016-09-05 10:16:21.507] [TRACE] socket_server - Response: Connect
[2016-09-05 10:17:21.503] [TRACE] socket_server - Response: LeaveTable
[2016-09-05 10:19:45.008] [TRACE] socket_server - Response: EnterTable
[2016-09-05 10:19:45.446] [TRACE] socket_server - Receive socket from 测试用户3 in table 1
[2016-09-05 10:19:45.561] [TRACE] socket_server - Receive command from 测试用户3
[2016-09-05 10:19:45.561] [INFO] socket_server - { type: 0 }
[2016-09-05 10:19:45.588] [TRACE] socket_server - Response: Connect
[2016-09-05 10:19:46.631] [TRACE] socket_server - Receive command from 测试用户3
[2016-09-05 10:19:46.631] [INFO] socket_server - { type: 3 }
[2016-09-05 10:19:46.633] [TRACE] socket_server - Response: Prepare
[2016-09-05 10:36:52.855] [ERROR] socket_server - 找不到您的代理!
[2016-09-05 10:36:57.255] [TRACE] socket_server - Response: EnterTable
[2016-09-05 10:36:57.437] [TRACE] socket_server - Receive socket from 测试用户4 in table 1
[2016-09-05 10:36:57.543] [TRACE] socket_server - Receive command from 测试用户4
[2016-09-05 10:36:57.543] [INFO] socket_server - { type: 0 }
[2016-09-05 10:36:57.567] [TRACE] socket_server - Response: Connect
[2016-09-05 10:36:58.232] [TRACE] socket_server - Receive command from 测试用户4
[2016-09-05 10:36:58.232] [INFO] socket_server - { type: 3 }
[2016-09-05 10:36:58.234] [TRACE] socket_server - Response: Prepare
[2016-09-05 10:37:01.885] [TRACE] socket_server - Response: EnterTable
[2016-09-05 10:37:01.992] [TRACE] socket_server - Receive socket from 测试用户5 in table 1
[2016-09-05 10:37:02.042] [TRACE] socket_server - Receive command from 测试用户5
[2016-09-05 10:37:02.042] [INFO] socket_server - { type: 0 }
[2016-09-05 10:37:02.043] [TRACE] socket_server - Response: Connect
[2016-09-05 10:37:02.989] [TRACE] socket_server - Receive command from 测试用户5
[2016-09-05 10:37:02.989] [INFO] socket_server - { type: 3 }
[2016-09-05 10:37:02.991] [TRACE] socket_server - Response: Prepare
[2016-09-05 10:37:06.136] [TRACE] socket_server - Response: EnterTable
[2016-09-05 10:37:06.252] [TRACE] socket_server - Receive socket from 测试用户 in table 1
[2016-09-05 10:37:06.307] [TRACE] socket_server - Receive command from 测试用户
[2016-09-05 10:37:06.307] [INFO] socket_server - { type: 0 }
[2016-09-05 10:37:06.308] [TRACE] socket_server - Response: Connect
[2016-09-05 10:37:07.106] [TRACE] socket_server - Receive command from 测试用户
[2016-09-05 10:37:07.106] [INFO] socket_server - { type: 3 }
[2016-09-05 10:37:07.107] [TRACE] socket_server - Response: Prepare
[2016-09-05 10:37:10.096] [TRACE] socket_server - Response: EnterTable
[2016-09-05 10:37:10.206] [TRACE] socket_server - Receive socket from 测试用户2 in table 1
[2016-09-05 10:37:10.281] [TRACE] socket_server - Receive command from 测试用户2
[2016-09-05 10:37:10.281] [INFO] socket_server - { type: 0 }
[2016-09-05 10:37:10.282] [TRACE] socket_server - Response: Connect
[2016-09-05 10:37:11.257] [TRACE] socket_server - Receive command from 测试用户2
[2016-09-05 10:37:11.258] [INFO] socket_server - { type: 3 }
[2016-09-05 10:37:11.261] [TRACE] socket_server - Response: Prepare
[2016-09-05 10:37:14.438] [TRACE] socket_server - Response: EnterTable
[2016-09-05 10:37:15.069] [TRACE] socket_server - Receive socket from 测试用户3 in table 1
[2016-09-05 10:37:15.215] [TRACE] socket_server - Receive command from 测试用户3
[2016-09-05 10:37:15.215] [INFO] socket_server - { type: 0 }
[2016-09-05 10:37:15.217] [TRACE] socket_server - Response: Connect
[2016-09-05 10:37:16.093] [TRACE] socket_server - Receive command from 测试用户3
[2016-09-05 10:37:16.094] [INFO] socket_server - { type: 3 }
[2016-09-05 10:37:16.131] [TRACE] socket_server - Response: Prepare
[2016-09-05 10:37:22.229] [TRACE] socket_server - Receive command from 测试用户4
[2016-09-05 10:37:22.229] [INFO] socket_server - { type: 5,
  content: { actionType: 1, actionContent: { amount: '9' } } }
[2016-09-05 10:37:22.236] [TRACE] socket_server - Response: InGame
[2016-09-05 10:37:22.236] [INFO] socket_server - { amount: '9', sid: 0, actionType: 1 }
[2016-09-05 10:37:25.199] [TRACE] socket_server - Receive command from 测试用户5
[2016-09-05 10:37:25.199] [INFO] socket_server - { type: 5,
  content: { actionType: 1, actionContent: { amount: '4' } } }
[2016-09-05 10:37:25.205] [TRACE] socket_server - Response: InGame
[2016-09-05 10:37:25.205] [INFO] socket_server - { amount: '4', sid: 1, actionType: 1 }
[2016-09-05 10:37:28.154] [TRACE] socket_server - Receive command from 测试用户
[2016-09-05 10:37:28.154] [INFO] socket_server - { type: 5,
  content: { actionType: 1, actionContent: { amount: '0' } } }
[2016-09-05 10:37:28.158] [TRACE] socket_server - Response: InGame
[2016-09-05 10:37:28.158] [INFO] socket_server - { amount: '0', sid: 2, actionType: 1 }
[2016-09-05 10:37:31.752] [TRACE] socket_server - Receive command from 测试用户2
[2016-09-05 10:37:31.753] [INFO] socket_server - { type: 5,
  content: { actionType: 1, actionContent: { amount: '1' } } }
[2016-09-05 10:37:31.757] [TRACE] socket_server - Response: InGame
[2016-09-05 10:37:31.757] [INFO] socket_server - { amount: '1', sid: 3, actionType: 1 }
[2016-09-05 10:37:34.761] [TRACE] socket_server - Receive command from 测试用户3
[2016-09-05 10:37:34.761] [INFO] socket_server - { type: 5,
  content: { actionType: 1, actionContent: { amount: '2' } } }
[2016-09-05 10:37:34.763] [TRACE] socket_server - Response: InGame
[2016-09-05 10:37:34.764] [INFO] socket_server - { amount: '2',
  sid: 4,
  actionType: 1,
  updated: 
   { currentTurn: 
      { status: 2,
        startSid: 0,
        remainedSid: [Object],
        done: [],
        maxSid: null },
     cards: 
      [ [Object],
        [Object],
        [Object],
        [Object],
        [Object],
        [Object],
        [Object],
        [Object],
        [Object] ],
     masterSid: 0 } }
[2016-09-05 10:37:41.244] [TRACE] socket_server - Receive command from 测试用户4
[2016-09-05 10:37:41.245] [INFO] socket_server - { type: 5,
  content: { actionType: 2, actionContent: { color: '♥' } } }
[2016-09-05 10:37:41.247] [TRACE] socket_server - Response: InGame
[2016-09-05 10:37:41.249] [INFO] socket_server - { color: '♥',
  sid: 0,
  actionType: 2,
  updated: 
   { currentTurn: 
      { status: 3,
        startSid: 0,
        remainedSid: [Object],
        done: [],
        maxSid: null } } }
[2016-09-05 10:37:49.910] [TRACE] socket_server - Receive command from 测试用户4
[2016-09-05 10:37:49.910] [INFO] socket_server - { type: 5,
  content: { actionType: 3, actionContent: { cards: [Object] } } }
[2016-09-05 10:37:49.915] [TRACE] socket_server - Response: InGame
[2016-09-05 10:37:49.917] [INFO] socket_server - { sid: 0,
  actionType: 3,
  updated: 
   { currentTurn: 
      { status: 4,
        startSid: 0,
        remainedSid: [Object],
        done: [],
        maxSid: null } } }
[2016-09-05 10:37:53.387] [TRACE] socket_server - Receive command from 测试用户4
[2016-09-05 10:37:53.387] [INFO] socket_server - { type: 5,
  content: { actionType: 4, actionContent: { color: '♦' } } }
[2016-09-05 10:37:53.389] [TRACE] socket_server - Response: InGame
[2016-09-05 10:37:53.389] [INFO] socket_server - { color: '♦',
  sid: 0,
  actionType: 4,
  updated: 
   { currentTurn: 
      { status: 5,
        startSid: 0,
        remainedSid: [Object],
        done: [],
        maxSid: null } } }
[2016-09-05 10:37:58.701] [TRACE] socket_server - Receive command from 测试用户4
[2016-09-05 10:37:58.701] [INFO] socket_server - { type: 5,
  content: { actionType: 5, actionContent: { cards: [Object] } } }
[2016-09-05 10:37:58.705] [TRACE] socket_server - Response: InGame
[2016-09-05 10:37:58.706] [INFO] socket_server - { cards: 
   [ Card { number: 12, color: '♦', type: 0 },
     Card { number: 12, color: '♦', type: 0 },
     Card { number: 11, color: '♦', type: 0 },
     Card { number: 11, color: '♦', type: 0 } ],
  sid: 0,
  actionType: 5 }
[2016-09-05 10:38:42.709] [TRACE] socket_server - Receive command from 测试用户5
[2016-09-05 10:38:42.709] [INFO] socket_server - { type: 5,
  content: { actionType: 5, actionContent: { cards: [Object] } } }
[2016-09-05 10:38:42.719] [TRACE] socket_server - Response: InGame
[2016-09-05 10:38:42.720] [INFO] socket_server - { cards: 
   [ Card { number: 6, color: '♦', type: 0 },
     Card { number: 5, color: '♦', type: 0 },
     Card { number: 4, color: '♦', type: 0 },
     Card { number: 4, color: '♦', type: 0 } ],
  sid: 1,
  actionType: 5 }
[2016-09-05 10:39:05.686] [ERROR] socket_server - 找不到您的代理!
[2016-09-05 10:39:05.698] [ERROR] socket_server - 找不到您的代理!
[2016-09-05 10:39:05.904] [ERROR] socket_server - 找不到您的代理!
[2016-09-05 10:39:05.977] [ERROR] socket_server - 找不到您的代理!
[2016-09-05 10:39:06.072] [ERROR] socket_server - 找不到您的代理!
[2016-09-05 10:39:10.452] [TRACE] socket_server - Response: EnterTable
[2016-09-05 10:39:10.616] [TRACE] socket_server - Receive socket from 测试用户4 in table 1
[2016-09-05 10:39:10.715] [TRACE] socket_server - Receive command from 测试用户4
[2016-09-05 10:39:10.715] [INFO] socket_server - { type: 0 }
[2016-09-05 10:39:10.736] [TRACE] socket_server - Response: Connect
[2016-09-05 10:39:11.654] [TRACE] socket_server - Receive command from 测试用户4
[2016-09-05 10:39:11.654] [INFO] socket_server - { type: 3 }
[2016-09-05 10:39:11.656] [TRACE] socket_server - Response: Prepare
[2016-09-05 10:39:16.920] [TRACE] socket_server - Response: EnterTable
[2016-09-05 10:39:16.999] [TRACE] socket_server - Receive socket from 测试用户5 in table 1
[2016-09-05 10:39:17.041] [TRACE] socket_server - Receive command from 测试用户5
[2016-09-05 10:39:17.041] [INFO] socket_server - { type: 0 }
[2016-09-05 10:39:17.042] [TRACE] socket_server - Response: Connect
[2016-09-05 10:39:17.952] [TRACE] socket_server - Receive command from 测试用户5
[2016-09-05 10:39:17.952] [INFO] socket_server - { type: 3 }
[2016-09-05 10:39:17.953] [TRACE] socket_server - Response: Prepare
[2016-09-05 10:39:20.523] [TRACE] socket_server - Response: EnterTable
[2016-09-05 10:39:20.614] [TRACE] socket_server - Receive socket from 测试用户 in table 1
[2016-09-05 10:39:20.660] [TRACE] socket_server - Receive command from 测试用户
[2016-09-05 10:39:20.660] [INFO] socket_server - { type: 0 }
[2016-09-05 10:39:20.660] [TRACE] socket_server - Response: Connect
[2016-09-05 10:39:21.798] [TRACE] socket_server - Receive command from 测试用户
[2016-09-05 10:39:21.798] [INFO] socket_server - { type: 3 }
[2016-09-05 10:39:21.799] [TRACE] socket_server - Response: Prepare
[2016-09-05 10:39:24.811] [TRACE] socket_server - Response: EnterTable
[2016-09-05 10:39:24.899] [TRACE] socket_server - Receive socket from 测试用户2 in table 1
[2016-09-05 10:39:24.955] [TRACE] socket_server - Receive command from 测试用户2
[2016-09-05 10:39:24.955] [INFO] socket_server - { type: 0 }
[2016-09-05 10:39:24.956] [TRACE] socket_server - Response: Connect
[2016-09-05 10:39:25.944] [TRACE] socket_server - Receive command from 测试用户2
[2016-09-05 10:39:25.944] [INFO] socket_server - { type: 3 }
[2016-09-05 10:39:25.946] [TRACE] socket_server - Response: Prepare
[2016-09-05 10:39:28.766] [TRACE] socket_server - Response: EnterTable
[2016-09-05 10:39:29.363] [TRACE] socket_server - Receive socket from 测试用户3 in table 1
[2016-09-05 10:39:29.497] [TRACE] socket_server - Receive command from 测试用户3
[2016-09-05 10:39:29.497] [INFO] socket_server - { type: 0 }
[2016-09-05 10:39:29.499] [TRACE] socket_server - Response: Connect
[2016-09-05 10:39:30.282] [TRACE] socket_server - Receive command from 测试用户3
[2016-09-05 10:39:30.283] [INFO] socket_server - { type: 3 }
[2016-09-05 10:39:30.303] [TRACE] socket_server - Response: Prepare
[2016-09-05 10:39:33.298] [TRACE] socket_server - Receive command from 测试用户4
[2016-09-05 10:39:33.298] [INFO] socket_server - { type: 5,
  content: { actionType: 1, actionContent: { amount: '1' } } }
[2016-09-05 10:39:33.301] [TRACE] socket_server - Response: InGame
[2016-09-05 10:39:33.302] [INFO] socket_server - { amount: '1', sid: 0, actionType: 1 }
[2016-09-05 10:39:35.191] [TRACE] socket_server - Receive command from 测试用户5
[2016-09-05 10:39:35.192] [INFO] socket_server - { type: 5,
  content: { actionType: 1, actionContent: { amount: '3' } } }
[2016-09-05 10:39:35.195] [TRACE] socket_server - Response: InGame
[2016-09-05 10:39:35.195] [INFO] socket_server - { amount: '3', sid: 1, actionType: 1 }
[2016-09-05 10:39:39.644] [TRACE] socket_server - Receive command from 测试用户
[2016-09-05 10:39:39.644] [INFO] socket_server - { type: 5,
  content: { actionType: 1, actionContent: { amount: '4' } } }
[2016-09-05 10:39:39.650] [TRACE] socket_server - Response: InGame
[2016-09-05 10:39:39.650] [INFO] socket_server - { amount: '4', sid: 2, actionType: 1 }
[2016-09-05 10:39:43.902] [TRACE] socket_server - Receive command from 测试用户2
[2016-09-05 10:39:43.903] [INFO] socket_server - { type: 5,
  content: { actionType: 1, actionContent: { amount: '5' } } }
[2016-09-05 10:39:43.907] [TRACE] socket_server - Response: InGame
[2016-09-05 10:39:43.907] [INFO] socket_server - { amount: '5', sid: 3, actionType: 1 }
[2016-09-05 10:39:46.585] [TRACE] socket_server - Receive command from 测试用户3
[2016-09-05 10:39:46.585] [INFO] socket_server - { type: 5,
  content: { actionType: 1, actionContent: { amount: '4' } } }
[2016-09-05 10:39:46.587] [TRACE] socket_server - Response: InGame
[2016-09-05 10:39:46.589] [INFO] socket_server - { amount: '4',
  sid: 4,
  actionType: 1,
  updated: 
   { currentTurn: 
      { status: 2,
        startSid: 3,
        remainedSid: [Object],
        done: [],
        maxSid: null },
     cards: [ [Object], [Object], [Object], [Object], [Object] ],
     masterSid: 3 } }
[2016-09-05 10:39:49.890] [TRACE] socket_server - Receive command from 测试用户2
[2016-09-05 10:39:49.891] [INFO] socket_server - { type: 5,
  content: { actionType: 2, actionContent: { color: '♦' } } }
[2016-09-05 10:39:49.895] [TRACE] socket_server - Response: InGame
[2016-09-05 10:39:49.895] [INFO] socket_server - { color: '♦',
  sid: 3,
  actionType: 2,
  updated: 
   { currentTurn: 
      { status: 3,
        startSid: 3,
        remainedSid: [Object],
        done: [],
        maxSid: null } } }
[2016-09-05 10:40:08.823] [TRACE] socket_server - Receive command from 测试用户2
[2016-09-05 10:40:08.823] [INFO] socket_server - { type: 5,
  content: { actionType: 3, actionContent: { cards: [Object] } } }
[2016-09-05 10:40:08.827] [TRACE] socket_server - Response: InGame
[2016-09-05 10:40:08.827] [INFO] socket_server - { sid: 3,
  actionType: 3,
  updated: 
   { currentTurn: 
      { status: 4,
        startSid: 3,
        remainedSid: [Object],
        done: [],
        maxSid: null } } }
[2016-09-05 10:40:12.817] [TRACE] socket_server - Receive command from 测试用户2
[2016-09-05 10:40:12.817] [INFO] socket_server - { type: 5,
  content: { actionType: 4, actionContent: { color: '♠' } } }
[2016-09-05 10:40:12.820] [TRACE] socket_server - Response: InGame
[2016-09-05 10:40:12.820] [INFO] socket_server - { color: '♠',
  sid: 3,
  actionType: 4,
  updated: 
   { currentTurn: 
      { status: 5,
        startSid: 3,
        remainedSid: [Object],
        done: [],
        maxSid: null } } }
[2016-09-05 10:40:15.356] [TRACE] socket_server - Receive command from 测试用户2
[2016-09-05 10:40:15.356] [INFO] socket_server - { type: 5,
  content: { actionType: 5, actionContent: { cards: [Object] } } }
[2016-09-05 10:40:15.362] [TRACE] socket_server - Response: InGame
[2016-09-05 10:40:15.362] [INFO] socket_server - { cards: [ Card { number: 14, color: '♣', type: 0 } ],
  sid: 3,
  actionType: 5 }
[2016-09-05 10:40:19.972] [TRACE] socket_server - Receive command from 测试用户3
[2016-09-05 10:40:19.973] [INFO] socket_server - { type: 5,
  content: { actionType: 5, actionContent: { cards: [Object] } } }
[2016-09-05 10:40:19.978] [TRACE] socket_server - Response: InGame
[2016-09-05 10:40:19.978] [INFO] socket_server - { cards: [ Card { number: 8, color: '♣', type: 0 } ],
  sid: 4,
  actionType: 5 }
[2016-09-05 10:41:20.220] [TRACE] socket_server - Response: InGame
[2016-09-05 10:41:20.220] [INFO] socket_server - { cards: [ Card { number: 14, color: '♣', type: 0 } ],
  sid: 0,
  actionType: 5 }
[2016-09-05 10:41:35.474] [ERROR] socket_server - 找不到您的代理!
[2016-09-05 10:41:36.242] [ERROR] socket_server - 找不到您的代理!
[2016-09-05 10:41:36.246] [ERROR] socket_server - 找不到您的代理!
[2016-09-05 10:41:36.249] [ERROR] socket_server - 找不到您的代理!
[2016-09-05 10:41:50.898] [TRACE] socket_server - Response: EnterTable
[2016-09-05 10:41:51.083] [TRACE] socket_server - Receive socket from 测试用户4 in table 1
[2016-09-05 10:41:51.178] [TRACE] socket_server - Receive command from 测试用户4
[2016-09-05 10:41:51.178] [INFO] socket_server - { type: 0 }
[2016-09-05 10:41:51.201] [TRACE] socket_server - Response: Connect
[2016-09-05 10:41:51.823] [TRACE] socket_server - Receive command from 测试用户4
[2016-09-05 10:41:51.823] [INFO] socket_server - { type: 3 }
[2016-09-05 10:41:51.825] [TRACE] socket_server - Response: Prepare
[2016-09-05 10:41:54.167] [TRACE] socket_server - Response: EnterTable
[2016-09-05 10:41:54.376] [TRACE] socket_server - Receive socket from 测试用户5 in table 1
[2016-09-05 10:41:54.421] [TRACE] socket_server - Receive command from 测试用户5
[2016-09-05 10:41:54.421] [INFO] socket_server - { type: 0 }
[2016-09-05 10:41:54.422] [TRACE] socket_server - Response: Connect
[2016-09-05 10:41:55.606] [TRACE] socket_server - Receive command from 测试用户5
[2016-09-05 10:41:55.607] [INFO] socket_server - { type: 3 }
[2016-09-05 10:41:55.607] [TRACE] socket_server - Response: Prepare
[2016-09-05 10:41:58.683] [TRACE] socket_server - Response: EnterTable
[2016-09-05 10:41:58.770] [TRACE] socket_server - Receive socket from 测试用户 in table 1
[2016-09-05 10:41:58.810] [TRACE] socket_server - Receive command from 测试用户
[2016-09-05 10:41:58.810] [INFO] socket_server - { type: 0 }
[2016-09-05 10:41:58.812] [TRACE] socket_server - Response: Connect
[2016-09-05 10:41:59.794] [TRACE] socket_server - Receive command from 测试用户
[2016-09-05 10:41:59.794] [INFO] socket_server - { type: 3 }
[2016-09-05 10:41:59.795] [TRACE] socket_server - Response: Prepare
[2016-09-05 10:42:03.095] [TRACE] socket_server - Response: EnterTable
[2016-09-05 10:42:03.175] [TRACE] socket_server - Receive socket from 测试用户2 in table 1
[2016-09-05 10:42:03.239] [TRACE] socket_server - Receive command from 测试用户2
[2016-09-05 10:42:03.240] [INFO] socket_server - { type: 0 }
[2016-09-05 10:42:03.241] [TRACE] socket_server - Response: Connect
[2016-09-05 10:42:04.074] [TRACE] socket_server - Receive command from 测试用户2
[2016-09-05 10:42:04.074] [INFO] socket_server - { type: 3 }
[2016-09-05 10:42:04.076] [TRACE] socket_server - Response: Prepare
[2016-09-05 10:42:07.014] [TRACE] socket_server - Response: EnterTable
[2016-09-05 10:42:07.645] [TRACE] socket_server - Receive socket from 测试用户3 in table 1
[2016-09-05 10:42:07.787] [TRACE] socket_server - Receive command from 测试用户3
[2016-09-05 10:42:07.788] [INFO] socket_server - { type: 0 }
[2016-09-05 10:42:07.791] [TRACE] socket_server - Response: Connect
[2016-09-05 10:42:08.583] [TRACE] socket_server - Receive command from 测试用户3
[2016-09-05 10:42:08.584] [INFO] socket_server - { type: 3 }
[2016-09-05 10:42:08.597] [TRACE] socket_server - Response: Prepare
[2016-09-05 10:42:11.612] [TRACE] socket_server - Receive command from 测试用户4
[2016-09-05 10:42:11.613] [INFO] socket_server - { type: 5,
  content: { actionType: 1, actionContent: { amount: '6' } } }
[2016-09-05 10:42:11.619] [TRACE] socket_server - Response: InGame
[2016-09-05 10:42:11.619] [INFO] socket_server - { amount: '6', sid: 0, actionType: 1 }
[2016-09-05 10:42:13.889] [TRACE] socket_server - Receive command from 测试用户5
[2016-09-05 10:42:13.889] [INFO] socket_server - { type: 5,
  content: { actionType: 1, actionContent: { amount: '3' } } }
[2016-09-05 10:42:13.891] [TRACE] socket_server - Response: InGame
[2016-09-05 10:42:13.894] [INFO] socket_server - { amount: '3', sid: 1, actionType: 1 }
[2016-09-05 10:42:17.949] [TRACE] socket_server - Receive command from 测试用户
[2016-09-05 10:42:17.949] [INFO] socket_server - { type: 5,
  content: { actionType: 1, actionContent: { amount: '0' } } }
[2016-09-05 10:42:17.956] [TRACE] socket_server - Response: InGame
[2016-09-05 10:42:17.956] [INFO] socket_server - { amount: '0', sid: 2, actionType: 1 }
[2016-09-05 10:42:20.686] [TRACE] socket_server - Receive command from 测试用户2
[2016-09-05 10:42:20.687] [INFO] socket_server - { type: 5,
  content: { actionType: 1, actionContent: { amount: '2' } } }
[2016-09-05 10:42:20.689] [TRACE] socket_server - Response: InGame
[2016-09-05 10:42:20.690] [INFO] socket_server - { amount: '2', sid: 3, actionType: 1 }
[2016-09-05 10:42:23.195] [TRACE] socket_server - Receive command from 测试用户3
[2016-09-05 10:42:23.196] [INFO] socket_server - { type: 5,
  content: { actionType: 1, actionContent: { amount: '0' } } }
[2016-09-05 10:42:23.199] [TRACE] socket_server - Response: InGame
[2016-09-05 10:42:23.199] [INFO] socket_server - { amount: '0',
  sid: 4,
  actionType: 1,
  updated: 
   { currentTurn: 
      { status: 2,
        startSid: 0,
        remainedSid: [Object],
        done: [],
        maxSid: null },
     cards: [ [Object], [Object], [Object], [Object], [Object], [Object] ],
     masterSid: 0 } }
[2016-09-05 10:42:27.368] [TRACE] socket_server - Receive command from 测试用户4
[2016-09-05 10:42:27.368] [INFO] socket_server - { type: 5,
  content: { actionType: 2, actionContent: { color: '♣' } } }
[2016-09-05 10:42:27.372] [TRACE] socket_server - Response: InGame
[2016-09-05 10:42:27.372] [INFO] socket_server - { color: '♣',
  sid: 0,
  actionType: 2,
  updated: 
   { currentTurn: 
      { status: 3,
        startSid: 0,
        remainedSid: [Object],
        done: [],
        maxSid: null } } }
[2016-09-05 10:42:35.570] [TRACE] socket_server - Receive command from 测试用户4
[2016-09-05 10:42:35.570] [INFO] socket_server - { type: 5,
  content: { actionType: 3, actionContent: { cards: [Object] } } }
[2016-09-05 10:42:35.578] [TRACE] socket_server - Response: InGame
[2016-09-05 10:42:35.579] [INFO] socket_server - { sid: 0,
  actionType: 3,
  updated: 
   { currentTurn: 
      { status: 4,
        startSid: 0,
        remainedSid: [Object],
        done: [],
        maxSid: null } } }
[2016-09-05 10:42:39.081] [TRACE] socket_server - Receive command from 测试用户4
[2016-09-05 10:42:39.082] [INFO] socket_server - { type: 5,
  content: { actionType: 4, actionContent: { color: '♠' } } }
[2016-09-05 10:42:39.088] [TRACE] socket_server - Response: InGame
[2016-09-05 10:42:39.088] [INFO] socket_server - { color: '♠',
  sid: 0,
  actionType: 4,
  updated: 
   { currentTurn: 
      { status: 5,
        startSid: 0,
        remainedSid: [Object],
        done: [],
        maxSid: null } } }
[2016-09-05 10:42:42.591] [TRACE] socket_server - Receive command from 测试用户4
[2016-09-05 10:42:42.591] [INFO] socket_server - { type: 5,
  content: { actionType: 5, actionContent: { cards: [Object] } } }
[2016-09-05 10:42:42.598] [TRACE] socket_server - Response: InGame
[2016-09-05 10:42:42.598] [INFO] socket_server - { cards: 
   [ Card { number: 14, color: '♠', type: 0 },
     Card { number: 14, color: '♠', type: 0 },
     Card { number: 13, color: '♠', type: 0 },
     Card { number: 13, color: '♠', type: 0 } ],
  sid: 0,
  actionType: 5 }
[2016-09-05 10:43:11.937] [ERROR] socket_server - 找不到您的代理!
[2016-09-05 10:43:11.957] [ERROR] socket_server - 找不到您的代理!
[2016-09-05 10:43:11.970] [ERROR] socket_server - 找不到您的代理!
[2016-09-05 10:43:11.985] [ERROR] socket_server - 找不到您的代理!
[2016-09-05 10:43:11.992] [ERROR] socket_server - 找不到您的代理!
[2016-09-05 10:43:14.633] [TRACE] socket_server - Response: EnterTable
[2016-09-05 10:43:14.789] [TRACE] socket_server - Receive socket from 测试用户4 in table 1
[2016-09-05 10:43:14.892] [TRACE] socket_server - Receive command from 测试用户4
[2016-09-05 10:43:14.892] [INFO] socket_server - { type: 0 }
[2016-09-05 10:43:14.915] [TRACE] socket_server - Response: Connect
[2016-09-05 10:43:15.805] [TRACE] socket_server - Receive command from 测试用户4
[2016-09-05 10:43:15.806] [INFO] socket_server - { type: 3 }
[2016-09-05 10:43:15.807] [TRACE] socket_server - Response: Prepare
[2016-09-05 10:43:18.089] [TRACE] socket_server - Response: EnterTable
[2016-09-05 10:43:18.166] [TRACE] socket_server - Receive socket from 测试用户5 in table 1
[2016-09-05 10:43:18.206] [TRACE] socket_server - Receive command from 测试用户5
[2016-09-05 10:43:18.207] [INFO] socket_server - { type: 0 }
[2016-09-05 10:43:18.208] [TRACE] socket_server - Response: Connect
[2016-09-05 10:43:19.493] [TRACE] socket_server - Receive command from 测试用户5
[2016-09-05 10:43:19.494] [INFO] socket_server - { type: 3 }
[2016-09-05 10:43:19.494] [TRACE] socket_server - Response: Prepare
[2016-09-05 10:43:37.643] [TRACE] socket_server - Response: EnterTable
[2016-09-05 10:43:37.767] [TRACE] socket_server - Receive socket from 测试用户 in table 1
[2016-09-05 10:43:37.804] [TRACE] socket_server - Receive command from 测试用户
[2016-09-05 10:43:37.804] [INFO] socket_server - { type: 0 }
[2016-09-05 10:43:37.805] [TRACE] socket_server - Response: Connect
[2016-09-05 10:43:38.798] [TRACE] socket_server - Receive command from 测试用户
[2016-09-05 10:43:38.798] [INFO] socket_server - { type: 3 }
[2016-09-05 10:43:38.800] [TRACE] socket_server - Response: Prepare
[2016-09-05 10:43:41.694] [TRACE] socket_server - Response: EnterTable
[2016-09-05 10:43:41.780] [TRACE] socket_server - Receive socket from 测试用户2 in table 1
[2016-09-05 10:43:41.875] [TRACE] socket_server - Receive command from 测试用户2
[2016-09-05 10:43:41.875] [INFO] socket_server - { type: 0 }
[2016-09-05 10:43:41.876] [TRACE] socket_server - Response: Connect
[2016-09-05 10:43:42.684] [TRACE] socket_server - Receive command from 测试用户2
[2016-09-05 10:43:42.684] [INFO] socket_server - { type: 3 }
[2016-09-05 10:43:42.686] [TRACE] socket_server - Response: Prepare
[2016-09-05 10:43:45.047] [TRACE] socket_server - Response: EnterTable
[2016-09-05 10:43:45.639] [TRACE] socket_server - Receive socket from 测试用户3 in table 1
[2016-09-05 10:43:45.770] [TRACE] socket_server - Receive command from 测试用户3
[2016-09-05 10:43:45.771] [INFO] socket_server - { type: 0 }
[2016-09-05 10:43:45.773] [TRACE] socket_server - Response: Connect
[2016-09-05 10:43:47.479] [TRACE] socket_server - Receive command from 测试用户3
[2016-09-05 10:43:47.479] [INFO] socket_server - { type: 3 }
[2016-09-05 10:43:47.509] [TRACE] socket_server - Response: Prepare
[2016-09-05 10:43:50.391] [TRACE] socket_server - Receive command from 测试用户4
[2016-09-05 10:43:50.391] [INFO] socket_server - { type: 5,
  content: { actionType: 1, actionContent: { amount: '3' } } }
[2016-09-05 10:43:50.395] [TRACE] socket_server - Response: InGame
[2016-09-05 10:43:50.395] [INFO] socket_server - { amount: '3', sid: 0, actionType: 1 }
[2016-09-05 10:43:52.300] [TRACE] socket_server - Receive command from 测试用户5
[2016-09-05 10:43:52.300] [INFO] socket_server - { type: 5,
  content: { actionType: 1, actionContent: { amount: '3' } } }
[2016-09-05 10:43:52.303] [TRACE] socket_server - Response: InGame
[2016-09-05 10:43:52.303] [INFO] socket_server - { amount: '3', sid: 1, actionType: 1 }
[2016-09-05 10:43:56.390] [TRACE] socket_server - Receive command from 测试用户
[2016-09-05 10:43:56.390] [INFO] socket_server - { type: 5,
  content: { actionType: 1, actionContent: { amount: '4' } } }
[2016-09-05 10:43:56.392] [TRACE] socket_server - Response: InGame
[2016-09-05 10:43:56.392] [INFO] socket_server - { amount: '4', sid: 2, actionType: 1 }
[2016-09-05 10:43:59.141] [TRACE] socket_server - Receive command from 测试用户2
[2016-09-05 10:43:59.141] [INFO] socket_server - { type: 5,
  content: { actionType: 1, actionContent: { amount: '5' } } }
[2016-09-05 10:43:59.146] [TRACE] socket_server - Response: InGame
[2016-09-05 10:43:59.146] [INFO] socket_server - { amount: '5', sid: 3, actionType: 1 }
[2016-09-05 10:44:01.495] [TRACE] socket_server - Receive command from 测试用户3
[2016-09-05 10:44:01.495] [INFO] socket_server - { type: 5,
  content: { actionType: 1, actionContent: { amount: '3' } } }
[2016-09-05 10:44:01.497] [TRACE] socket_server - Response: InGame
[2016-09-05 10:44:01.499] [INFO] socket_server - { amount: '3',
  sid: 4,
  actionType: 1,
  updated: 
   { currentTurn: 
      { status: 2,
        startSid: 3,
        remainedSid: [Object],
        done: [],
        maxSid: null },
     cards: [ [Object], [Object], [Object], [Object], [Object] ],
     masterSid: 3 } }
[2016-09-05 10:44:06.410] [TRACE] socket_server - Receive command from 测试用户2
[2016-09-05 10:44:06.410] [INFO] socket_server - { type: 5,
  content: { actionType: 2, actionContent: { color: '♣' } } }
[2016-09-05 10:44:06.415] [TRACE] socket_server - Response: InGame
[2016-09-05 10:44:06.415] [INFO] socket_server - { color: '♣',
  sid: 3,
  actionType: 2,
  updated: 
   { currentTurn: 
      { status: 3,
        startSid: 3,
        remainedSid: [Object],
        done: [],
        maxSid: null } } }
[2016-09-05 10:44:19.669] [TRACE] socket_server - Receive command from 测试用户2
[2016-09-05 10:44:19.670] [INFO] socket_server - { type: 5,
  content: { actionType: 3, actionContent: { cards: [Object] } } }
[2016-09-05 10:44:19.673] [TRACE] socket_server - Response: InGame
[2016-09-05 10:44:19.673] [INFO] socket_server - { sid: 3,
  actionType: 3,
  updated: 
   { currentTurn: 
      { status: 4,
        startSid: 3,
        remainedSid: [Object],
        done: [],
        maxSid: null } } }
[2016-09-05 10:44:23.860] [TRACE] socket_server - Receive command from 测试用户2
[2016-09-05 10:44:23.860] [INFO] socket_server - { type: 5,
  content: { actionType: 4, actionContent: { color: '♦' } } }
[2016-09-05 10:44:23.862] [TRACE] socket_server - Response: InGame
[2016-09-05 10:44:23.862] [INFO] socket_server - { color: '♦',
  sid: 3,
  actionType: 4,
  updated: 
   { currentTurn: 
      { status: 5,
        startSid: 3,
        remainedSid: [Object],
        done: [],
        maxSid: null } } }
[2016-09-05 10:44:26.774] [TRACE] socket_server - Receive command from 测试用户2
[2016-09-05 10:44:26.774] [INFO] socket_server - { type: 5,
  content: { actionType: 5, actionContent: { cards: [Object] } } }
[2016-09-05 10:44:26.781] [TRACE] socket_server - Response: InGame
[2016-09-05 10:44:26.782] [INFO] socket_server - { cards: [ Card { number: 14, color: '♦', type: 0 } ],
  sid: 3,
  actionType: 5 }
[2016-09-05 10:44:36.316] [TRACE] socket_server - Receive command from 测试用户3
[2016-09-05 10:44:36.317] [INFO] socket_server - { type: 5,
  content: { actionType: 5, actionContent: { cards: [Object] } } }
[2016-09-05 10:44:36.321] [TRACE] socket_server - Response: InGame
[2016-09-05 10:44:36.322] [INFO] socket_server - { cards: [ Card { number: 3, color: '♦', type: 0 } ],
  sid: 4,
  actionType: 5 }
[2016-09-05 10:44:42.481] [TRACE] socket_server - Receive command from 测试用户4
[2016-09-05 10:44:42.481] [INFO] socket_server - { type: 5,
  content: { actionType: 5, actionContent: { cards: [Object] } } }
[2016-09-05 10:44:42.483] [TRACE] socket_server - Response: InGame
[2016-09-05 10:44:42.483] [INFO] socket_server - { cards: [ Card { number: 4, color: '♦', type: 0 } ],
  sid: 0,
  actionType: 5 }
[2016-09-05 10:44:45.280] [TRACE] socket_server - Receive command from 测试用户5
[2016-09-05 10:44:45.281] [INFO] socket_server - { type: 5,
  content: { actionType: 5, actionContent: { cards: [Object] } } }
[2016-09-05 10:44:45.285] [TRACE] socket_server - Response: InGame
[2016-09-05 10:44:45.285] [INFO] socket_server - { cards: [ Card { number: 11, color: '♦', type: 0 } ],
  sid: 1,
  actionType: 5 }
[2016-09-05 10:44:52.031] [TRACE] socket_server - Receive command from 测试用户
[2016-09-05 10:44:52.031] [INFO] socket_server - { type: 5,
  content: { actionType: 5, actionContent: { cards: [Object] } } }
[2016-09-05 10:44:52.036] [TRACE] socket_server - Response: InGame
[2016-09-05 10:44:52.038] [INFO] socket_server - { cards: [ Card { number: 4, color: '♦', type: 0 } ],
  sid: 2,
  actionType: 5,
  updated: 
   { currentTurn: 
      { status: 5,
        startSid: 3,
        remainedSid: [Object],
        done: [],
        maxSid: null },
     points: [ 0, 0, 0, 0, 0 ],
     caught5Heart: [ [], [], [], [], [] ] } }
[2016-09-05 10:45:00.472] [TRACE] socket_server - Receive command from 测试用户2
[2016-09-05 10:45:00.472] [INFO] socket_server - { type: 5,
  content: { actionType: 5, actionContent: { cards: [Object] } } }
[2016-09-05 10:45:00.477] [TRACE] socket_server - Response: InGame
[2016-09-05 10:45:00.480] [INFO] socket_server - { cards: 
   [ Card { number: 10, color: '♠', type: 0 },
     Card { number: 10, color: '♠', type: 0 } ],
  original: 
   [ Card { number: 14, color: '♠', type: 0 },
     Card { number: 10, color: '♠', type: 0 },
     Card { number: 10, color: '♠', type: 0 } ],
  sid: 3,
  actionType: 5 }
[2016-09-05 10:46:00.723] [TRACE] socket_server - Response: InGame
[2016-09-05 10:46:00.723] [INFO] socket_server - { cards: 
   [ Card { number: 14, color: '♠', type: 0 },
     Card { number: 13, color: '♠', type: 0 } ],
  sid: 4,
  actionType: 5 }
[2016-09-05 10:47:00.973] [TRACE] socket_server - Response: InGame
[2016-09-05 10:47:00.973] [INFO] socket_server - { cards: 
   [ Card { number: 12, color: '♠', type: 0 },
     Card { number: 12, color: '♠', type: 0 } ],
  sid: 0,
  actionType: 5 }
[2016-09-05 10:48:01.199] [TRACE] socket_server - Response: InGame
[2016-09-05 10:48:01.199] [INFO] socket_server - { cards: 
   [ Card { number: 13, color: '♠', type: 0 },
     Card { number: 6, color: '♠', type: 0 } ],
  sid: 1,
  actionType: 5 }
[2016-09-05 10:49:01.443] [TRACE] socket_server - Response: InGame
[2016-09-05 10:49:01.443] [INFO] socket_server - { cards: 
   [ Card { number: 9, color: '♠', type: 0 },
     Card { number: 9, color: '♠', type: 0 } ],
  sid: 2,
  actionType: 5,
  updated: 
   { currentTurn: 
      { status: 5,
        startSid: 0,
        remainedSid: [Object],
        done: [],
        maxSid: null },
     points: [ 40, 0, 0, 0, 0 ],
     caught5Heart: [ [], [], [], [], [] ] } }
[2016-09-05 10:50:01.734] [TRACE] socket_server - Response: InGame
[2016-09-05 10:50:01.734] [INFO] socket_server - { cards: [ Card { number: 3, color: '♠', type: 4 } ],
  sid: 0,
  actionType: 5 }
[2016-09-05 10:51:02.108] [TRACE] socket_server - Response: InGame
[2016-09-05 10:51:02.109] [INFO] socket_server - { cards: [ Card { number: 5, color: '♥', type: 7 } ],
  sid: 1,
  actionType: 5 }
[2016-09-05 10:52:02.416] [TRACE] socket_server - Response: InGame
[2016-09-05 10:52:02.416] [INFO] socket_server - { cards: [ Card { number: 1, color: 'J', type: 6 } ],
  sid: 2,
  actionType: 5 }
[2016-09-05 10:53:03.577] [TRACE] socket_server - Response: InGame
[2016-09-05 10:53:03.577] [INFO] socket_server - { cards: [ Card { number: 0, color: 'J', type: 6 } ],
  sid: 3,
  actionType: 5 }
[2016-09-05 11:58:05.012] [TRACE] socket_server - Response: EnterTable
[2016-09-05 11:58:05.452] [TRACE] socket_server - Receive socket from 测试用户3 in table 1
[2016-09-05 11:58:05.644] [TRACE] socket_server - Receive command from 测试用户3
[2016-09-05 11:58:05.644] [INFO] socket_server - { type: 0 }
[2016-09-05 11:58:05.665] [TRACE] socket_server - Response: Connect
[2016-09-05 11:58:06.486] [TRACE] socket_server - Receive command from 测试用户3
[2016-09-05 11:58:06.486] [INFO] socket_server - { type: 3 }
[2016-09-05 11:58:06.490] [TRACE] socket_server - Response: Prepare
[2016-09-05 12:05:43.768] [ERROR] socket_server - 找不到您的代理!
[2016-09-05 12:05:46.066] [TRACE] socket_server - Response: EnterTable
[2016-09-05 12:05:46.692] [TRACE] socket_server - Receive socket from 测试用户3 in table 1
[2016-09-05 12:05:46.822] [TRACE] socket_server - Receive command from 测试用户3
[2016-09-05 12:05:46.822] [INFO] socket_server - { type: 0 }
[2016-09-05 12:05:46.851] [TRACE] socket_server - Response: Connect
[2016-09-05 12:06:06.826] [TRACE] socket_server - Response: Disconnect
[2016-09-05 12:06:07.395] [TRACE] socket_server - Receive socket from 测试用户3 in table 1
[2016-09-05 12:06:07.539] [TRACE] socket_server - Receive command from 测试用户3
[2016-09-05 12:06:07.539] [INFO] socket_server - { type: 0 }
[2016-09-05 12:06:07.540] [TRACE] socket_server - Response: Connect
[2016-09-05 12:06:29.226] [TRACE] socket_server - Response: EnterTable
[2016-09-05 12:06:29.857] [TRACE] socket_server - Receive socket from 测试用户3 in table 1
[2016-09-05 12:06:30.006] [TRACE] socket_server - Receive command from 测试用户3
[2016-09-05 12:06:30.006] [INFO] socket_server - { type: 0 }
[2016-09-05 12:06:30.031] [TRACE] socket_server - Response: Connect
[2016-09-05 12:06:48.494] [ERROR] socket_server - 找不到您所在的桌子!
[2016-09-05 12:06:50.791] [TRACE] socket_server - Response: EnterTable
[2016-09-05 12:06:51.400] [TRACE] socket_server - Receive socket from 测试用户3 in table 1
[2016-09-05 12:06:51.532] [TRACE] socket_server - Receive command from 测试用户3
[2016-09-05 12:06:51.532] [INFO] socket_server - { type: 0 }
[2016-09-05 12:06:51.563] [TRACE] socket_server - Response: Connect
[2016-09-05 12:07:15.088] [ERROR] socket_server - 找不到您的代理!
[2016-09-05 12:07:17.514] [TRACE] socket_server - Response: EnterTable
[2016-09-05 12:07:18.142] [TRACE] socket_server - Receive socket from 测试用户3 in table 1
[2016-09-05 12:07:18.276] [TRACE] socket_server - Receive command from 测试用户3
[2016-09-05 12:07:18.276] [INFO] socket_server - { type: 0 }
[2016-09-05 12:07:18.301] [TRACE] socket_server - Response: Connect
[2016-09-05 12:08:17.750] [TRACE] socket_server - Response: LeaveTable
[2016-09-05 12:12:21.372] [TRACE] socket_server - Response: EnterTable
[2016-09-05 12:12:22.096] [TRACE] socket_server - Receive socket from 测试用户3 in table 1
[2016-09-05 12:12:22.222] [TRACE] socket_server - Receive command from 测试用户3
[2016-09-05 12:12:22.222] [INFO] socket_server - { type: 0 }
[2016-09-05 12:12:22.251] [TRACE] socket_server - Response: Connect
[2016-09-05 12:12:40.393] [ERROR] socket_server - 找不到您的代理!
[2016-09-05 12:12:43.052] [TRACE] socket_server - Response: EnterTable
[2016-09-05 12:12:43.643] [TRACE] socket_server - Receive socket from 测试用户3 in table 1
[2016-09-05 12:12:43.778] [TRACE] socket_server - Receive command from 测试用户3
[2016-09-05 12:12:43.778] [INFO] socket_server - { type: 0 }
[2016-09-05 12:12:43.802] [TRACE] socket_server - Response: Connect
[2016-09-05 12:13:23.437] [ERROR] socket_server - 找不到您的代理!
[2016-09-05 12:13:25.808] [TRACE] socket_server - Response: EnterTable
[2016-09-05 12:13:26.367] [TRACE] socket_server - Receive socket from 测试用户3 in table 1
[2016-09-05 12:13:26.497] [TRACE] socket_server - Receive command from 测试用户3
[2016-09-05 12:13:26.497] [INFO] socket_server - { type: 0 }
[2016-09-05 12:13:26.522] [TRACE] socket_server - Response: Connect
[2016-09-05 12:14:06.954] [ERROR] socket_server - 找不到您的代理!
[2016-09-05 12:14:09.187] [TRACE] socket_server - Response: EnterTable
[2016-09-05 12:14:09.817] [TRACE] socket_server - Receive socket from 测试用户3 in table 1
[2016-09-05 12:14:09.949] [TRACE] socket_server - Receive command from 测试用户3
[2016-09-05 12:14:09.949] [INFO] socket_server - { type: 0 }
[2016-09-05 12:14:09.971] [TRACE] socket_server - Response: Connect
[2016-09-05 12:14:23.377] [ERROR] socket_server - 找不到您的代理!
[2016-09-05 12:14:25.756] [TRACE] socket_server - Response: EnterTable
[2016-09-05 12:14:26.377] [TRACE] socket_server - Receive socket from 测试用户3 in table 1
[2016-09-05 12:14:26.511] [TRACE] socket_server - Receive command from 测试用户3
[2016-09-05 12:14:26.511] [INFO] socket_server - { type: 0 }
[2016-09-05 12:14:26.540] [TRACE] socket_server - Response: Connect
[2016-09-05 12:14:34.139] [TRACE] socket_server - Response: Disconnect
[2016-09-05 12:14:34.670] [TRACE] socket_server - Receive socket from 测试用户3 in table 1
[2016-09-05 12:14:34.790] [TRACE] socket_server - Receive command from 测试用户3
[2016-09-05 12:14:34.791] [INFO] socket_server - { type: 0 }
[2016-09-05 12:14:34.791] [TRACE] socket_server - Response: Connect
[2016-09-05 12:15:26.022] [TRACE] socket_server - Response: LeaveTable
[2016-09-05 12:18:31.907] [TRACE] socket_server - Response: EnterTable
[2016-09-05 12:18:32.566] [TRACE] socket_server - Receive socket from 测试用户3 in table 1
[2016-09-05 12:18:32.693] [TRACE] socket_server - Receive command from 测试用户3
[2016-09-05 12:18:32.694] [INFO] socket_server - { type: 0 }
[2016-09-05 12:18:32.724] [TRACE] socket_server - Response: Connect
[2016-09-05 12:19:32.159] [TRACE] socket_server - Response: LeaveTable
[2016-09-05 12:20:32.779] [TRACE] socket_server - Response: EnterTable
[2016-09-05 12:20:33.480] [TRACE] socket_server - Receive socket from 测试用户3 in table 1
[2016-09-05 12:20:33.601] [TRACE] socket_server - Receive command from 测试用户3
[2016-09-05 12:20:33.602] [INFO] socket_server - { type: 0 }
[2016-09-05 12:20:33.634] [TRACE] socket_server - Response: Connect
[2016-09-05 12:21:32.998] [TRACE] socket_server - Response: LeaveTable
[2016-09-05 12:22:43.180] [TRACE] socket_server - Response: EnterTable
[2016-09-05 12:22:43.869] [TRACE] socket_server - Receive socket from 测试用户3 in table 1
[2016-09-05 12:22:44.023] [TRACE] socket_server - Receive command from 测试用户3
[2016-09-05 12:22:44.025] [INFO] socket_server - { type: 0 }
[2016-09-05 12:22:44.050] [TRACE] socket_server - Response: Connect
[2016-09-05 12:23:43.426] [TRACE] socket_server - Response: LeaveTable
[2016-09-05 12:25:50.476] [TRACE] socket_server - Response: EnterTable
[2016-09-05 12:25:51.160] [TRACE] socket_server - Receive socket from 测试用户3 in table 1
[2016-09-05 12:25:51.296] [TRACE] socket_server - Receive command from 测试用户3
[2016-09-05 12:25:51.296] [INFO] socket_server - { type: 0 }
[2016-09-05 12:25:51.325] [TRACE] socket_server - Response: Connect
[2016-09-05 12:26:50.705] [TRACE] socket_server - Response: LeaveTable
[2016-09-05 12:27:32.300] [TRACE] socket_server - Response: EnterTable
[2016-09-05 12:27:32.942] [TRACE] socket_server - Receive socket from 测试用户3 in table 1
[2016-09-05 12:27:33.075] [TRACE] socket_server - Receive command from 测试用户3
[2016-09-05 12:27:33.075] [INFO] socket_server - { type: 0 }
[2016-09-05 12:27:33.106] [TRACE] socket_server - Response: Connect
[2016-09-05 12:28:25.329] [ERROR] socket_server - 找不到您的代理!
[2016-09-05 12:28:28.139] [TRACE] socket_server - Response: EnterTable
[2016-09-05 12:28:28.716] [TRACE] socket_server - Receive socket from 测试用户3 in table 1
[2016-09-05 12:28:28.854] [TRACE] socket_server - Receive command from 测试用户3
[2016-09-05 12:28:28.854] [INFO] socket_server - { type: 0 }
[2016-09-05 12:28:28.878] [TRACE] socket_server - Response: Connect
[2016-09-05 12:29:28.366] [TRACE] socket_server - Response: LeaveTable
[2016-09-05 12:34:57.844] [TRACE] socket_server - Response: EnterTable
[2016-09-05 12:34:58.532] [TRACE] socket_server - Receive socket from 测试用户3 in table 1
[2016-09-05 12:34:58.664] [TRACE] socket_server - Receive command from 测试用户3
[2016-09-05 12:34:58.664] [INFO] socket_server - { type: 0 }
[2016-09-05 12:34:58.692] [TRACE] socket_server - Response: Connect
[2016-09-05 12:35:54.662] [ERROR] socket_server - 找不到您的代理!
[2016-09-05 12:35:57.100] [TRACE] socket_server - Response: EnterTable
[2016-09-05 12:35:57.696] [TRACE] socket_server - Receive socket from 测试用户3 in table 1
[2016-09-05 12:35:57.822] [TRACE] socket_server - Receive command from 测试用户3
[2016-09-05 12:35:57.822] [INFO] socket_server - { type: 0 }
[2016-09-05 12:35:57.843] [TRACE] socket_server - Response: Connect
[2016-09-05 12:36:15.902] [ERROR] socket_server - 找不到您的代理!
[2016-09-05 12:36:18.188] [TRACE] socket_server - Response: EnterTable
[2016-09-05 12:36:18.860] [TRACE] socket_server - Receive socket from 测试用户3 in table 1
[2016-09-05 12:36:18.992] [TRACE] socket_server - Receive command from 测试用户3
[2016-09-05 12:36:18.992] [INFO] socket_server - { type: 0 }
[2016-09-05 12:36:19.015] [TRACE] socket_server - Response: Connect
[2016-09-05 12:37:18.405] [TRACE] socket_server - Response: LeaveTable
[2016-09-05 12:38:53.160] [TRACE] socket_server - Response: EnterTable
[2016-09-05 12:38:53.778] [TRACE] socket_server - Receive socket from 测试用户3 in table 1
[2016-09-05 12:38:53.931] [TRACE] socket_server - Receive command from 测试用户3
[2016-09-05 12:38:53.932] [INFO] socket_server - { type: 0 }
[2016-09-05 12:38:53.957] [TRACE] socket_server - Response: Connect
[2016-09-05 12:39:53.389] [TRACE] socket_server - Response: LeaveTable
[2016-09-05 12:40:30.494] [TRACE] socket_server - Response: EnterTable
[2016-09-05 12:40:31.148] [TRACE] socket_server - Receive socket from 测试用户3 in table 1
[2016-09-05 12:40:31.290] [TRACE] socket_server - Receive command from 测试用户3
[2016-09-05 12:40:31.290] [INFO] socket_server - { type: 0 }
[2016-09-05 12:40:31.315] [TRACE] socket_server - Response: Connect
[2016-09-05 12:41:05.527] [ERROR] socket_server - 找不到您的代理!
[2016-09-05 12:41:07.853] [TRACE] socket_server - Response: EnterTable
[2016-09-05 12:41:08.408] [TRACE] socket_server - Receive socket from 测试用户3 in table 1
[2016-09-05 12:41:08.546] [TRACE] socket_server - Receive command from 测试用户3
[2016-09-05 12:41:08.547] [INFO] socket_server - { type: 0 }
[2016-09-05 12:41:08.575] [TRACE] socket_server - Response: Connect
[2016-09-05 12:42:08.084] [TRACE] socket_server - Response: LeaveTable
[2016-09-05 12:44:21.090] [TRACE] socket_server - Response: EnterTable
[2016-09-05 12:44:21.771] [TRACE] socket_server - Receive socket from 测试用户3 in table 1
[2016-09-05 12:44:21.920] [TRACE] socket_server - Receive command from 测试用户3
[2016-09-05 12:44:21.921] [INFO] socket_server - { type: 0 }
[2016-09-05 12:44:21.946] [TRACE] socket_server - Response: Connect
[2016-09-05 12:45:21.337] [TRACE] socket_server - Response: LeaveTable
[2016-09-05 12:45:29.251] [TRACE] socket_server - Response: EnterTable
[2016-09-05 12:45:29.813] [TRACE] socket_server - Receive socket from 测试用户3 in table 1
[2016-09-05 12:45:29.950] [TRACE] socket_server - Receive command from 测试用户3
[2016-09-05 12:45:29.950] [INFO] socket_server - { type: 0 }
[2016-09-05 12:45:29.951] [TRACE] socket_server - Response: Connect
[2016-09-05 12:45:31.236] [TRACE] socket_server - Receive command from 测试用户3
[2016-09-05 12:45:31.236] [INFO] socket_server - { type: 3 }
[2016-09-05 12:45:31.237] [TRACE] socket_server - Response: Prepare
[2016-09-05 12:46:58.538] [ERROR] socket_server - 找不到您的代理!
[2016-09-05 12:47:00.784] [TRACE] socket_server - Response: EnterTable
[2016-09-05 12:47:01.366] [TRACE] socket_server - Receive socket from 测试用户3 in table 1
[2016-09-05 12:47:01.511] [TRACE] socket_server - Receive command from 测试用户3
[2016-09-05 12:47:01.512] [INFO] socket_server - { type: 0 }
[2016-09-05 12:47:01.536] [TRACE] socket_server - Response: Connect
[2016-09-05 12:48:01.003] [TRACE] socket_server - Response: LeaveTable
[2016-09-05 12:48:14.663] [TRACE] socket_server - Response: EnterTable
[2016-09-05 12:48:15.303] [TRACE] socket_server - Receive socket from 测试用户3 in table 1
[2016-09-05 12:48:15.437] [TRACE] socket_server - Receive command from 测试用户3
[2016-09-05 12:48:15.437] [INFO] socket_server - { type: 0 }
[2016-09-05 12:48:15.468] [TRACE] socket_server - Response: Connect
[2016-09-05 12:49:14.920] [TRACE] socket_server - Response: LeaveTable
[2016-09-05 12:49:18.574] [TRACE] socket_server - Response: EnterTable
[2016-09-05 12:49:19.156] [TRACE] socket_server - Receive socket from 测试用户3 in table 1
[2016-09-05 12:49:19.285] [TRACE] socket_server - Receive command from 测试用户3
[2016-09-05 12:49:19.285] [INFO] socket_server - { type: 0 }
[2016-09-05 12:49:19.286] [TRACE] socket_server - Response: Connect
[2016-09-05 12:49:20.669] [TRACE] socket_server - Receive command from 测试用户3
[2016-09-05 12:49:20.669] [INFO] socket_server - { type: 3 }
[2016-09-05 12:49:20.671] [TRACE] socket_server - Response: Prepare
[2016-09-05 12:52:56.540] [ERROR] socket_server - 找不到您的代理!
[2016-09-05 12:52:59.076] [TRACE] socket_server - Response: EnterTable
[2016-09-05 12:52:59.646] [TRACE] socket_server - Receive socket from 测试用户3 in table 1
[2016-09-05 12:52:59.783] [TRACE] socket_server - Receive command from 测试用户3
[2016-09-05 12:52:59.783] [INFO] socket_server - { type: 0 }
[2016-09-05 12:52:59.807] [TRACE] socket_server - Response: Connect
[2016-09-05 12:53:59.315] [TRACE] socket_server - Response: LeaveTable
[2016-09-05 12:54:02.684] [TRACE] socket_server - Response: EnterTable
[2016-09-05 12:54:03.278] [TRACE] socket_server - Receive socket from 测试用户3 in table 1
[2016-09-05 12:54:03.415] [TRACE] socket_server - Receive command from 测试用户3
[2016-09-05 12:54:03.415] [INFO] socket_server - { type: 0 }
[2016-09-05 12:54:03.416] [TRACE] socket_server - Response: Connect
[2016-09-05 12:54:04.404] [TRACE] socket_server - Receive command from 测试用户3
[2016-09-05 12:54:04.404] [INFO] socket_server - { type: 3 }
[2016-09-05 12:54:04.405] [TRACE] socket_server - Response: Prepare
[2016-09-05 12:54:54.257] [TRACE] socket_server - Response: Disconnect
[2016-09-05 12:54:54.875] [TRACE] socket_server - Receive socket from 测试用户3 in table 1
[2016-09-05 12:54:55.013] [TRACE] socket_server - Receive command from 测试用户3
[2016-09-05 12:54:55.013] [INFO] socket_server - { type: 0 }
[2016-09-05 12:54:55.014] [TRACE] socket_server - Response: Connect
[2016-09-05 12:56:15.494] [TRACE] socket_server - Response: EnterTable
[2016-09-05 12:56:16.148] [TRACE] socket_server - Receive socket from 测试用户3 in table 1
[2016-09-05 12:56:16.294] [TRACE] socket_server - Receive command from 测试用户3
[2016-09-05 12:56:16.294] [INFO] socket_server - { type: 0 }
[2016-09-05 12:56:16.320] [TRACE] socket_server - Response: Connect
[2016-09-05 12:57:10.067] [TRACE] socket_server - Response: EnterTable
[2016-09-05 12:57:10.250] [TRACE] socket_server - Receive socket from 测试用户4 in table 1
[2016-09-05 12:57:10.435] [TRACE] socket_server - Receive command from 测试用户4
[2016-09-05 12:57:10.435] [INFO] socket_server - { type: 0 }
[2016-09-05 12:57:10.436] [TRACE] socket_server - Response: Connect
[2016-09-05 12:57:13.119] [TRACE] socket_server - Receive command from 测试用户3
[2016-09-05 12:57:13.119] [INFO] socket_server - { type: 3 }
[2016-09-05 12:57:13.121] [TRACE] socket_server - Response: Prepare
[2016-09-05 12:57:15.336] [TRACE] socket_server - Receive command from 测试用户4
[2016-09-05 12:57:15.336] [INFO] socket_server - { type: 3 }
[2016-09-05 12:57:15.337] [TRACE] socket_server - Response: Prepare
[2016-09-05 12:57:15.359] [TRACE] socket_server - Receive command from 测试用户4
[2016-09-05 12:57:15.360] [INFO] socket_server - { type: 3 }
[2016-09-05 12:57:15.360] [ERROR] socket_server - 现在这个状态没法准备呀
[2016-09-05 12:57:26.543] [TRACE] socket_server - Response: EnterTable
[2016-09-05 12:57:26.784] [TRACE] socket_server - Receive socket from 测试用户 in table 1
[2016-09-05 12:57:26.917] [TRACE] socket_server - Receive command from 测试用户
[2016-09-05 12:57:26.918] [INFO] socket_server - { type: 0 }
[2016-09-05 12:57:26.919] [TRACE] socket_server - Response: Connect
[2016-09-05 12:57:28.064] [TRACE] socket_server - Receive command from 测试用户
[2016-09-05 12:57:28.065] [INFO] socket_server - { type: 3 }
[2016-09-05 12:57:28.066] [TRACE] socket_server - Response: Prepare
[2016-09-05 12:57:43.460] [TRACE] socket_server - Response: EnterTable
[2016-09-05 12:57:43.641] [TRACE] socket_server - Receive socket from 测试用户2 in table 1
[2016-09-05 12:57:43.855] [TRACE] socket_server - Receive command from 测试用户2
[2016-09-05 12:57:43.855] [INFO] socket_server - { type: 0 }
[2016-09-05 12:57:43.856] [TRACE] socket_server - Response: Connect
[2016-09-05 12:58:00.290] [TRACE] socket_server - Response: EnterTable
[2016-09-05 12:58:00.510] [TRACE] socket_server - Receive socket from 测试用户5 in table 1
[2016-09-05 12:58:00.604] [TRACE] socket_server - Receive command from 测试用户5
[2016-09-05 12:58:00.604] [INFO] socket_server - { type: 0 }
[2016-09-05 12:58:00.609] [TRACE] socket_server - Response: Connect
[2016-09-05 12:58:02.090] [TRACE] socket_server - Receive command from 测试用户5
[2016-09-05 12:58:02.090] [INFO] socket_server - { type: 3 }
[2016-09-05 12:58:02.093] [TRACE] socket_server - Response: Prepare
[2016-09-05 12:58:06.323] [TRACE] socket_server - Receive command from 测试用户2
[2016-09-05 12:58:06.323] [INFO] socket_server - { type: 3 }
[2016-09-05 12:58:06.348] [TRACE] socket_server - Response: Prepare
[2016-09-05 12:58:06.349] [TRACE] socket_server - Receive command from 测试用户2
[2016-09-05 12:58:06.349] [INFO] socket_server - { type: 3 }
[2016-09-05 12:58:06.351] [ERROR] socket_server - 现在这个状态没法准备呀
[2016-09-05 12:58:12.283] [TRACE] socket_server - Receive command from 测试用户3
[2016-09-05 12:58:12.284] [INFO] socket_server - { type: 5,
  content: { actionType: 1, actionContent: { amount: '0' } } }
[2016-09-05 12:58:12.294] [TRACE] socket_server - Response: InGame
[2016-09-05 12:58:12.294] [INFO] socket_server - { amount: '0', sid: 0, actionType: 1 }
[2016-09-05 12:58:15.343] [TRACE] socket_server - Receive command from 测试用户4
[2016-09-05 12:58:15.343] [INFO] socket_server - { type: 5,
  content: { actionType: 1, actionContent: { amount: '2' } } }
[2016-09-05 12:58:15.350] [TRACE] socket_server - Response: InGame
[2016-09-05 12:58:15.350] [INFO] socket_server - { amount: '2', sid: 1, actionType: 1 }
[2016-09-05 12:58:18.842] [TRACE] socket_server - Receive command from 测试用户
[2016-09-05 12:58:18.843] [INFO] socket_server - { type: 5,
  content: { actionType: 1, actionContent: { amount: '4' } } }
[2016-09-05 12:58:18.847] [TRACE] socket_server - Response: InGame
[2016-09-05 12:58:18.847] [INFO] socket_server - { amount: '4', sid: 2, actionType: 1 }
[2016-09-05 12:58:21.989] [TRACE] socket_server - Receive command from 测试用户2
[2016-09-05 12:58:21.989] [INFO] socket_server - { type: 5,
  content: { actionType: 1, actionContent: { amount: '8' } } }
[2016-09-05 12:58:21.990] [TRACE] socket_server - Response: InGame
[2016-09-05 12:58:21.990] [INFO] socket_server - { amount: '8', sid: 3, actionType: 1 }
[2016-09-05 12:58:26.348] [TRACE] socket_server - Receive command from 测试用户5
[2016-09-05 12:58:26.348] [INFO] socket_server - { type: 5,
  content: { actionType: 1, actionContent: { amount: '0' } } }
[2016-09-05 12:58:26.354] [TRACE] socket_server - Response: InGame
[2016-09-05 12:58:26.355] [INFO] socket_server - { amount: '0',
  sid: 4,
  actionType: 1,
  updated: 
   { currentTurn: 
      { status: 2,
        startSid: 3,
        remainedSid: [Object],
        done: [],
        maxSid: null },
     cards: 
      [ [Object],
        [Object],
        [Object],
        [Object],
        [Object],
        [Object],
        [Object],
        [Object] ],
     masterSid: 3 } }
[2016-09-05 12:58:30.715] [TRACE] socket_server - Receive command from 测试用户2
[2016-09-05 12:58:30.715] [INFO] socket_server - { type: 5,
  content: { actionType: 2, actionContent: { color: '♦' } } }
[2016-09-05 12:58:30.719] [TRACE] socket_server - Response: InGame
[2016-09-05 12:58:30.719] [INFO] socket_server - { color: '♦',
  sid: 3,
  actionType: 2,
  updated: 
   { currentTurn: 
      { status: 3,
        startSid: 3,
        remainedSid: [Object],
        done: [],
        maxSid: null } } }
[2016-09-05 12:58:38.285] [TRACE] socket_server - Receive command from 测试用户2
[2016-09-05 12:58:38.285] [INFO] socket_server - { type: 5,
  content: { actionType: 3, actionContent: { cards: [Object] } } }
[2016-09-05 12:58:38.289] [TRACE] socket_server - Response: InGame
[2016-09-05 12:58:38.289] [INFO] socket_server - { sid: 3,
  actionType: 3,
  updated: 
   { currentTurn: 
      { status: 4,
        startSid: 3,
        remainedSid: [Object],
        done: [],
        maxSid: null } } }
[2016-09-05 12:58:41.406] [TRACE] socket_server - Receive command from 测试用户2
[2016-09-05 12:58:41.406] [INFO] socket_server - { type: 5,
  content: { actionType: 4, actionContent: { color: '♦' } } }
[2016-09-05 12:58:41.408] [TRACE] socket_server - Response: InGame
[2016-09-05 12:58:41.409] [INFO] socket_server - { color: '♦',
  sid: 3,
  actionType: 4,
  updated: 
   { currentTurn: 
      { status: 5,
        startSid: 3,
        remainedSid: [Object],
        done: [],
        maxSid: null } } }
[2016-09-05 12:59:12.636] [ERROR] socket_server - 找不到您的代理!
[2016-09-05 12:59:12.656] [ERROR] socket_server - 找不到您的代理!
[2016-09-05 12:59:12.670] [ERROR] socket_server - 找不到您的代理!
[2016-09-05 12:59:12.702] [ERROR] socket_server - 找不到您的代理!
[2016-09-05 12:59:15.406] [TRACE] socket_server - Response: EnterTable
[2016-09-05 12:59:15.480] [TRACE] socket_server - Receive socket from 测试用户2 in table 1
[2016-09-05 12:59:15.529] [TRACE] socket_server - Receive command from 测试用户2
[2016-09-05 12:59:15.530] [INFO] socket_server - { type: 0 }
[2016-09-05 12:59:15.548] [TRACE] socket_server - Response: Connect
[2016-09-05 12:59:52.738] [TRACE] socket_server - Response: EnterTable
[2016-09-05 12:59:53.222] [TRACE] socket_server - Receive socket from 测试用户3 in table 1
[2016-09-05 12:59:53.335] [TRACE] socket_server - Receive command from 测试用户3
[2016-09-05 12:59:53.335] [INFO] socket_server - { type: 0 }
[2016-09-05 12:59:53.336] [TRACE] socket_server - Response: Connect
[2016-09-05 13:00:15.635] [TRACE] socket_server - Response: LeaveTable
[2016-09-05 13:00:34.464] [ERROR] socket_server - 找不到您的代理!
[2016-09-05 13:00:35.300] [TRACE] socket_server - Response: EnterTable
[2016-09-05 13:00:35.385] [TRACE] socket_server - Receive socket from 测试用户2 in table 1
[2016-09-05 13:00:35.443] [TRACE] socket_server - Receive command from 测试用户2
[2016-09-05 13:00:35.443] [INFO] socket_server - { type: 0 }
[2016-09-05 13:00:35.462] [TRACE] socket_server - Response: Connect
[2016-09-05 13:00:48.567] [ERROR] socket_server - 找不到您的代理!
[2016-09-05 13:00:50.589] [TRACE] socket_server - Response: EnterTable
[2016-09-05 13:00:50.681] [TRACE] socket_server - Receive socket from 测试用户2 in table 1
[2016-09-05 13:00:50.724] [TRACE] socket_server - Receive command from 测试用户2
[2016-09-05 13:00:50.724] [INFO] socket_server - { type: 0 }
[2016-09-05 13:00:50.741] [TRACE] socket_server - Response: Connect
[2016-09-05 13:00:51.554] [TRACE] socket_server - Receive command from 测试用户2
[2016-09-05 13:00:51.554] [INFO] socket_server - { type: 3 }
[2016-09-05 13:00:51.555] [TRACE] socket_server - Response: Prepare
[2016-09-05 13:00:52.570] [TRACE] socket_server - Receive command from 测试用户2
[2016-09-05 13:00:52.570] [INFO] socket_server - { type: 4 }
[2016-09-05 13:00:52.572] [TRACE] socket_server - Response: UnPrepare
[2016-09-05 13:00:54.241] [TRACE] socket_server - Receive command from 测试用户2
[2016-09-05 13:00:54.242] [INFO] socket_server - { type: 3 }
[2016-09-05 13:00:54.242] [TRACE] socket_server - Response: Prepare
[2016-09-05 13:01:09.610] [TRACE] socket_server - Response: EnterTable
[2016-09-05 13:01:09.704] [TRACE] socket_server - Receive socket from 测试用户2 in table 1
[2016-09-05 13:01:09.835] [TRACE] socket_server - Receive command from 测试用户2
[2016-09-05 13:01:09.835] [INFO] socket_server - { type: 0 }
[2016-09-05 13:01:09.853] [TRACE] socket_server - Response: Connect
[2016-09-05 13:01:16.697] [TRACE] socket_server - Response: EnterTable
[2016-09-05 13:01:17.199] [TRACE] socket_server - Receive socket from 测试用户3 in table 1
[2016-09-05 13:01:17.309] [TRACE] socket_server - Receive command from 测试用户3
[2016-09-05 13:01:17.309] [INFO] socket_server - { type: 0 }
[2016-09-05 13:01:17.310] [TRACE] socket_server - Response: Connect
[2016-09-05 13:02:09.840] [TRACE] socket_server - Response: LeaveTable
[2016-09-05 13:02:16.905] [TRACE] socket_server - Response: LeaveTable
[2016-09-05 13:25:55.467] [TRACE] socket_server - Response: EnterTable
[2016-09-05 13:25:56.221] [TRACE] socket_server - Receive socket from 测试用户3 in table 1
[2016-09-05 13:25:56.346] [TRACE] socket_server - Receive command from 测试用户3
[2016-09-05 13:25:56.346] [INFO] socket_server - { type: 0 }
[2016-09-05 13:25:56.368] [TRACE] socket_server - Response: Connect
[2016-09-05 13:26:55.721] [TRACE] socket_server - Response: LeaveTable
[2016-09-05 13:44:19.284] [TRACE] socket_server - Response: EnterTable
[2016-09-05 13:44:20.039] [TRACE] socket_server - Receive socket from 测试用户3 in table 1
[2016-09-05 13:44:20.150] [TRACE] socket_server - Receive command from 测试用户3
[2016-09-05 13:44:20.150] [INFO] socket_server - { type: 0 }
[2016-09-05 13:44:20.175] [TRACE] socket_server - Response: Connect
[2016-09-05 13:44:28.045] [ERROR] socket_server - 发送得太频繁了啦
[2016-09-05 13:44:49.170] [ERROR] socket_server - 发送得太频繁了啦
[2016-09-05 13:45:19.522] [TRACE] socket_server - Response: LeaveTable
[2016-09-05 13:47:11.352] [TRACE] socket_server - Response: EnterTable
[2016-09-05 13:47:11.924] [TRACE] socket_server - Receive socket from 测试用户3 in table 1
[2016-09-05 13:47:12.072] [TRACE] socket_server - Receive command from 测试用户3
[2016-09-05 13:47:12.072] [INFO] socket_server - { type: 0 }
[2016-09-05 13:47:12.073] [TRACE] socket_server - Response: Connect
[2016-09-05 13:47:45.304] [TRACE] socket_server - Response: EnterTable
[2016-09-05 13:47:45.516] [TRACE] socket_server - Receive socket from 测试用户4 in table 1
[2016-09-05 13:47:45.629] [TRACE] socket_server - Receive command from 测试用户4
[2016-09-05 13:47:45.629] [INFO] socket_server - { type: 0 }
[2016-09-05 13:47:45.630] [TRACE] socket_server - Response: Connect
[2016-09-05 13:48:03.332] [TRACE] socket_server - Receive command from 测试用户3
[2016-09-05 13:48:03.333] [INFO] socket_server - { type: 2 }
[2016-09-05 13:48:03.334] [TRACE] socket_server - Response: LeaveTable
[2016-09-05 13:48:45.525] [TRACE] socket_server - Response: LeaveTable
[2016-09-05 14:08:01.151] [TRACE] socket_server - Response: EnterTable
[2016-09-05 14:08:01.865] [TRACE] socket_server - Receive socket from 测试用户3 in table 1
[2016-09-05 14:08:01.982] [TRACE] socket_server - Receive command from 测试用户3
[2016-09-05 14:08:01.982] [INFO] socket_server - { type: 0 }
[2016-09-05 14:08:02.009] [TRACE] socket_server - Response: Connect
[2016-09-05 14:08:21.293] [TRACE] socket_server - Receive command from 测试用户3
[2016-09-05 14:08:21.293] [INFO] socket_server - { type: 3 }
[2016-09-05 14:08:21.295] [TRACE] socket_server - Response: Prepare
[2016-09-05 14:10:57.917] [TRACE] socket_server - Response: EnterTable
[2016-09-05 14:10:58.554] [TRACE] socket_server - Receive socket from 测试用户3 in table 1
[2016-09-05 14:10:58.690] [TRACE] socket_server - Receive command from 测试用户3
[2016-09-05 14:10:58.690] [INFO] socket_server - { type: 0 }
[2016-09-05 14:10:58.737] [TRACE] socket_server - Response: Connect
[2016-09-05 14:11:26.146] [ERROR] socket_server - 找不到您的代理!
[2016-09-05 14:11:28.836] [TRACE] socket_server - Response: EnterTable
[2016-09-05 14:11:29.470] [TRACE] socket_server - Receive socket from 测试用户3 in table 1
[2016-09-05 14:11:29.614] [TRACE] socket_server - Receive command from 测试用户3
[2016-09-05 14:11:29.614] [INFO] socket_server - { type: 0 }
[2016-09-05 14:11:29.640] [TRACE] socket_server - Response: Connect
[2016-09-05 14:11:31.225] [TRACE] socket_server - Receive command from 测试用户3
[2016-09-05 14:11:31.225] [INFO] socket_server - { type: 3 }
[2016-09-05 14:11:31.227] [TRACE] socket_server - Response: Prepare
